Linked: (/root/uav_ws/devel/.private/uav_ros_lib/lib/libparam_util.so, /root/uav_ws/devel/lib/libparam_util.so)
Linked: (/root/uav_ws/devel/.private/uav_ros_lib/lib/libconstant_acceleration_lkf.so, /root/uav_ws/devel/lib/libconstant_acceleration_lkf.so)
Linked: (/root/uav_ws/devel/.private/uav_ros_lib/lib/libdkf_vanilla.so, /root/uav_ws/devel/lib/libdkf_vanilla.so)
Linked: (/root/uav_ws/devel/.private/uav_ros_lib/lib/libtrajectory_helper.so, /root/uav_ws/devel/lib/libtrajectory_helper.so)
Linked: (/root/uav_ws/devel/.private/uav_ros_lib/lib/libros_convert.so, /root/uav_ws/devel/lib/libros_convert.so)
Linked: (/root/uav_ws/devel/.private/uav_ros_lib/lib/libnfilt.so, /root/uav_ws/devel/lib/libnfilt.so)
Linked: (/root/uav_ws/devel/.private/uav_ros_lib/lib/libglobal_to_local.so, /root/uav_ws/devel/lib/libglobal_to_local.so)
Linked: (/root/uav_ws/devel/.private/uav_ros_lib/lib/libconstant_acceleration_ukf.so, /root/uav_ws/devel/lib/libconstant_acceleration_ukf.so)
Linked: (/root/uav_ws/devel/.private/uav_ros_lib/lib/libconstant_velocity_lkf.so, /root/uav_ws/devel/lib/libconstant_velocity_lkf.so)
Linked: (/root/uav_ws/devel/.private/uav_ros_lib/lib/pkgconfig/uav_ros_lib.pc, /root/uav_ws/devel/lib/pkgconfig/uav_ros_lib.pc)
Linked: (/root/uav_ws/devel/.private/uav_ros_lib/lib/uav_ros_lib/attitude_converter_example, /root/uav_ws/devel/lib/uav_ros_lib/attitude_converter_example)
Linked: (/root/uav_ws/devel/.private/uav_ros_lib/lib/python3/dist-packages/uav_ros_lib/__init__.py, /root/uav_ws/devel/lib/python3/dist-packages/uav_ros_lib/__init__.py)
Linked: (/root/uav_ws/devel/.private/uav_ros_lib/lib/python3/dist-packages/uav_ros_lib/cfg/ConstantAccelerationLKFParametersConfig.py, /root/uav_ws/devel/lib/python3/dist-packages/uav_ros_lib/cfg/ConstantAccelerationLKFParametersConfig.py)
Linked: (/root/uav_ws/devel/.private/uav_ros_lib/lib/python3/dist-packages/uav_ros_lib/cfg/__init__.py, /root/uav_ws/devel/lib/python3/dist-packages/uav_ros_lib/cfg/__init__.py)
Linked: (/root/uav_ws/devel/.private/uav_ros_lib/lib/python3/dist-packages/uav_ros_lib/cfg/ConstantVelocityLKFParametersConfig.py, /root/uav_ws/devel/lib/python3/dist-packages/uav_ros_lib/cfg/ConstantVelocityLKFParametersConfig.py)
Linked: (/root/uav_ws/devel/.private/uav_ros_lib/lib/python3/dist-packages/uav_ros_lib/cfg/ConstantAccelerationUKFParametersConfig.py, /root/uav_ws/devel/lib/python3/dist-packages/uav_ros_lib/cfg/ConstantAccelerationUKFParametersConfig.py)
Linked: (/root/uav_ws/devel/.private/uav_ros_lib/share/uav_ros_lib/cmake/uav_ros_libConfig-version.cmake, /root/uav_ws/devel/share/uav_ros_lib/cmake/uav_ros_libConfig-version.cmake)
Linked: (/root/uav_ws/devel/.private/uav_ros_lib/share/uav_ros_lib/cmake/uav_ros_libConfig.cmake, /root/uav_ws/devel/share/uav_ros_lib/cmake/uav_ros_libConfig.cmake)
Linked: (/root/uav_ws/devel/.private/uav_ros_lib/share/uav_ros_lib/docs/ConstantAccelerationUKFParametersConfig.dox, /root/uav_ws/devel/share/uav_ros_lib/docs/ConstantAccelerationUKFParametersConfig.dox)
Linked: (/root/uav_ws/devel/.private/uav_ros_lib/share/uav_ros_lib/docs/ConstantAccelerationLKFParametersConfig.wikidoc, /root/uav_ws/devel/share/uav_ros_lib/docs/ConstantAccelerationLKFParametersConfig.wikidoc)
Linked: (/root/uav_ws/devel/.private/uav_ros_lib/share/uav_ros_lib/docs/ConstantVelocityLKFParametersConfig.wikidoc, /root/uav_ws/devel/share/uav_ros_lib/docs/ConstantVelocityLKFParametersConfig.wikidoc)
Linked: (/root/uav_ws/devel/.private/uav_ros_lib/share/uav_ros_lib/docs/ConstantVelocityLKFParametersConfig-usage.dox, /root/uav_ws/devel/share/uav_ros_lib/docs/ConstantVelocityLKFParametersConfig-usage.dox)
Linked: (/root/uav_ws/devel/.private/uav_ros_lib/share/uav_ros_lib/docs/ConstantAccelerationUKFParametersConfig-usage.dox, /root/uav_ws/devel/share/uav_ros_lib/docs/ConstantAccelerationUKFParametersConfig-usage.dox)
Linked: (/root/uav_ws/devel/.private/uav_ros_lib/share/uav_ros_lib/docs/ConstantAccelerationLKFParametersConfig-usage.dox, /root/uav_ws/devel/share/uav_ros_lib/docs/ConstantAccelerationLKFParametersConfig-usage.dox)
Linked: (/root/uav_ws/devel/.private/uav_ros_lib/share/uav_ros_lib/docs/ConstantAccelerationUKFParametersConfig.wikidoc, /root/uav_ws/devel/share/uav_ros_lib/docs/ConstantAccelerationUKFParametersConfig.wikidoc)
Linked: (/root/uav_ws/devel/.private/uav_ros_lib/share/uav_ros_lib/docs/ConstantVelocityLKFParametersConfig.dox, /root/uav_ws/devel/share/uav_ros_lib/docs/ConstantVelocityLKFParametersConfig.dox)
Linked: (/root/uav_ws/devel/.private/uav_ros_lib/share/uav_ros_lib/docs/ConstantAccelerationLKFParametersConfig.dox, /root/uav_ws/devel/share/uav_ros_lib/docs/ConstantAccelerationLKFParametersConfig.dox)
Linked: (/root/uav_ws/devel/.private/uav_ros_lib/include/uav_ros_lib/ConstantVelocityLKFParametersConfig.h, /root/uav_ws/devel/include/uav_ros_lib/ConstantVelocityLKFParametersConfig.h)
Linked: (/root/uav_ws/devel/.private/uav_ros_lib/include/uav_ros_lib/ConstantAccelerationUKFParametersConfig.h, /root/uav_ws/devel/include/uav_ros_lib/ConstantAccelerationUKFParametersConfig.h)
Linked: (/root/uav_ws/devel/.private/uav_ros_lib/include/uav_ros_lib/ConstantAccelerationLKFParametersConfig.h, /root/uav_ws/devel/include/uav_ros_lib/ConstantAccelerationLKFParametersConfig.h)
