Symlinking /root/uav_ws/devel/lib/libparam_util.so
Symlinking /root/uav_ws/devel/lib/libconstant_acceleration_lkf.so
Symlinking /root/uav_ws/devel/lib/libdkf_vanilla.so
Symlinking /root/uav_ws/devel/lib/libtrajectory_helper.so
Symlinking /root/uav_ws/devel/lib/libros_convert.so
Symlinking /root/uav_ws/devel/lib/libnfilt.so
Symlinking /root/uav_ws/devel/lib/libglobal_to_local.so
Symlinking /root/uav_ws/devel/lib/libconstant_acceleration_ukf.so
Symlinking /root/uav_ws/devel/lib/libconstant_velocity_lkf.so
Symlinking /root/uav_ws/devel/lib/pkgconfig/uav_ros_lib.pc
Symlinking /root/uav_ws/devel/lib/uav_ros_lib/attitude_converter_example
Symlinking /root/uav_ws/devel/lib/python3/dist-packages/uav_ros_lib/__init__.py
Symlinking /root/uav_ws/devel/lib/python3/dist-packages/uav_ros_lib/cfg/ConstantAccelerationLKFParametersConfig.py
Symlinking /root/uav_ws/devel/lib/python3/dist-packages/uav_ros_lib/cfg/__init__.py
Symlinking /root/uav_ws/devel/lib/python3/dist-packages/uav_ros_lib/cfg/ConstantVelocityLKFParametersConfig.py
Symlinking /root/uav_ws/devel/lib/python3/dist-packages/uav_ros_lib/cfg/ConstantAccelerationUKFParametersConfig.py
Symlinking /root/uav_ws/devel/share/uav_ros_lib/cmake/uav_ros_libConfig-version.cmake
Symlinking /root/uav_ws/devel/share/uav_ros_lib/cmake/uav_ros_libConfig.cmake
Symlinking /root/uav_ws/devel/share/uav_ros_lib/docs/ConstantAccelerationUKFParametersConfig.dox
Symlinking /root/uav_ws/devel/share/uav_ros_lib/docs/ConstantAccelerationLKFParametersConfig.wikidoc
Symlinking /root/uav_ws/devel/share/uav_ros_lib/docs/ConstantVelocityLKFParametersConfig.wikidoc
Symlinking /root/uav_ws/devel/share/uav_ros_lib/docs/ConstantVelocityLKFParametersConfig-usage.dox
Symlinking /root/uav_ws/devel/share/uav_ros_lib/docs/ConstantAccelerationUKFParametersConfig-usage.dox
Symlinking /root/uav_ws/devel/share/uav_ros_lib/docs/ConstantAccelerationLKFParametersConfig-usage.dox
Symlinking /root/uav_ws/devel/share/uav_ros_lib/docs/ConstantAccelerationUKFParametersConfig.wikidoc
Symlinking /root/uav_ws/devel/share/uav_ros_lib/docs/ConstantVelocityLKFParametersConfig.dox
Symlinking /root/uav_ws/devel/share/uav_ros_lib/docs/ConstantAccelerationLKFParametersConfig.dox
Symlinking /root/uav_ws/devel/include/uav_ros_lib/ConstantVelocityLKFParametersConfig.h
Symlinking /root/uav_ws/devel/include/uav_ros_lib/ConstantAccelerationUKFParametersConfig.h
Symlinking /root/uav_ws/devel/include/uav_ros_lib/ConstantAccelerationLKFParametersConfig.h
