[  0%] Built target trajectory_msgs_generate_messages_lisp
[  0%] Built target nav_msgs_generate_messages_lisp
[  0%] Built target trajectory_msgs_generate_messages_cpp
[  0%] Built target tf2_msgs_generate_messages_lisp
[  0%] Built target tf2_msgs_generate_messages_nodejs
[  0%] Built target actionlib_generate_messages_nodejs
[  0%] Built target trajectory_msgs_generate_messages_nodejs
[  0%] Built target actionlib_msgs_generate_messages_cpp
[  0%] Built target actionlib_generate_messages_cpp
[  0%] Built target actionlib_generate_messages_py
[  0%] Built target actionlib_msgs_generate_messages_eus
[  0%] Built target std_msgs_generate_messages_cpp
[  0%] Built target dynamic_reconfigure_gencfg
[  0%] Built target nav_msgs_generate_messages_py
[  0%] Built target nav_msgs_generate_messages_eus
[  0%] Built target diagnostic_msgs_generate_messages_lisp
[  0%] Built target dynamic_reconfigure_generate_messages_py
[  0%] Built target tf2_msgs_generate_messages_cpp
[  0%] Built target std_msgs_generate_messages_lisp
[  0%] Built target dynamic_reconfigure_generate_messages_lisp
[  0%] Built target geographic_msgs_generate_messages_nodejs
[  0%] Built target std_msgs_generate_messages_nodejs
[  0%] Built target std_msgs_generate_messages_py
[  0%] Built target diagnostic_msgs_generate_messages_py
[  0%] Built target diagnostic_msgs_generate_messages_eus
[  0%] Built target nav_msgs_generate_messages_nodejs
[  0%] Built target sensor_msgs_generate_messages_cpp
[  0%] Built target rosgraph_msgs_generate_messages_lisp
[  0%] Built target geometry_msgs_generate_messages_eus
[  0%] Built target roscpp_generate_messages_lisp
[  0%] Built target actionlib_generate_messages_lisp
[  0%] Built target diagnostic_msgs_generate_messages_cpp
[  0%] Built target trajectory_msgs_generate_messages_eus
[  0%] Built target rosgraph_msgs_generate_messages_py
[  0%] Built target roscpp_generate_messages_py
[  0%] Built target roscpp_generate_messages_cpp
[  0%] Built target actionlib_msgs_generate_messages_nodejs
[  0%] Built target dynamic_reconfigure_generate_messages_cpp
[  0%] Built target actionlib_msgs_generate_messages_py
[  0%] Built target actionlib_msgs_generate_messages_lisp
[  0%] Built target mavros_msgs_generate_messages_lisp
[  0%] Built target uuid_msgs_generate_messages_cpp
[  0%] Built target uuid_msgs_generate_messages_eus
[  0%] Built target std_msgs_generate_messages_eus
[  0%] Built target roscpp_generate_messages_nodejs
[  0%] Built target roscpp_generate_messages_eus
[ 12%] Built target uav_ros_lib_gencfg
[ 12%] Built target mavros_msgs_generate_messages_py
[ 12%] Built target trajectory_msgs_generate_messages_py
[ 12%] Built target actionlib_generate_messages_eus
[ 12%] Built target rosgraph_msgs_generate_messages_cpp
[ 12%] Built target rosgraph_msgs_generate_messages_eus
[ 12%] Built target nav_msgs_generate_messages_cpp
[ 12%] Built target diagnostic_msgs_generate_messages_nodejs
[ 12%] Built target geometry_msgs_generate_messages_cpp
[ 12%] Built target geographic_msgs_generate_messages_lisp
[ 12%] Built target geometry_msgs_generate_messages_lisp
[ 12%] Built target uuid_msgs_generate_messages_lisp
[ 12%] Built target mavros_msgs_generate_messages_eus
[ 12%] Built target dynamic_reconfigure_generate_messages_eus
[ 12%] Built target geometry_msgs_generate_messages_nodejs
[ 12%] Built target tf2_msgs_generate_messages_eus
[ 12%] Built target geometry_msgs_generate_messages_py
[ 12%] Built target sensor_msgs_generate_messages_py
[ 12%] Built target geographic_msgs_generate_messages_eus
[ 12%] Built target rosgraph_msgs_generate_messages_nodejs
[ 12%] Built target geographic_msgs_generate_messages_cpp
[ 12%] Built target geographic_msgs_generate_messages_py
[ 12%] Built target sensor_msgs_generate_messages_eus
[ 12%] Built target uuid_msgs_generate_messages_nodejs
[ 12%] Built target uuid_msgs_generate_messages_py
[ 12%] Built target sensor_msgs_generate_messages_lisp
[ 12%] Built target tf2_msgs_generate_messages_py
[ 12%] Built target sensor_msgs_generate_messages_nodejs
[ 12%] Built target mavros_msgs_generate_messages_nodejs
[ 12%] Built target mavros_msgs_generate_messages_cpp
[ 12%] Built target dynamic_reconfigure_generate_messages_nodejs
[ 29%] Built target nfilt
[ 29%] Built target dkf_vanilla
[ 41%] Built target ros_convert
[ 50%] Built target param_util
[ 58%] Built target global_to_local
[ 75%] Built target constant_acceleration_lkf
[ 75%] Built target constant_velocity_lkf
[ 83%] Built target constant_acceleration_ukf
[100%] Built target trajectory_helper
[100%] Built target attitude_converter_example
