Scanning dependencies of target _planning_msgs_generate_messages_check_deps_PolynomialTrajectory4D
Scanning dependencies of target trajectory_msgs_generate_messages_eus
Scanning dependencies of target _planning_msgs_generate_messages_check_deps_PolynomialSegment4D
Scanning dependencies of target geometry_msgs_generate_messages_eus
Scanning dependencies of target sensor_msgs_generate_messages_eus
Scanning dependencies of target _planning_msgs_generate_messages_check_deps_PointCloudWithPose
Scanning dependencies of target _planning_msgs_generate_messages_check_deps_PlannerService
Scanning dependencies of target mav_msgs_generate_messages_eus
Scanning dependencies of target trajectory_msgs_generate_messages_nodejs
Scanning dependencies of target sensor_msgs_generate_messages_nodejs
Scanning dependencies of target mav_msgs_generate_messages_nodejs
Scanning dependencies of target geometry_msgs_generate_messages_nodejs
Scanning dependencies of target mav_msgs_generate_messages_cpp
Scanning dependencies of target trajectory_msgs_generate_messages_cpp
Scanning dependencies of target sensor_msgs_generate_messages_cpp
Scanning dependencies of target geometry_msgs_generate_messages_cpp
[  0%] Built target trajectory_msgs_generate_messages_eus
[  0%] Built target geometry_msgs_generate_messages_eus
[  0%] Built target mav_msgs_generate_messages_eus
[  0%] Built target sensor_msgs_generate_messages_eus
[  0%] Built target sensor_msgs_generate_messages_nodejs
[  0%] Built target geometry_msgs_generate_messages_nodejs
[  0%] Built target mav_msgs_generate_messages_nodejs
[  0%] Built target trajectory_msgs_generate_messages_nodejs
[  0%] Built target sensor_msgs_generate_messages_cpp
[  0%] Built target mav_msgs_generate_messages_cpp
[  0%] Built target trajectory_msgs_generate_messages_cpp
[  0%] Built target geometry_msgs_generate_messages_cpp
Scanning dependencies of target mav_msgs_generate_messages_py
Scanning dependencies of target trajectory_msgs_generate_messages_py
Scanning dependencies of target geometry_msgs_generate_messages_py
Scanning dependencies of target trajectory_msgs_generate_messages_lisp
Scanning dependencies of target sensor_msgs_generate_messages_py
Scanning dependencies of target mav_msgs_generate_messages_lisp
Scanning dependencies of target geometry_msgs_generate_messages_lisp
Scanning dependencies of target sensor_msgs_generate_messages_lisp
[  0%] Built target mav_msgs_generate_messages_py
[  0%] Built target mav_msgs_generate_messages_lisp
[  0%] Built target trajectory_msgs_generate_messages_py
[  0%] Built target geometry_msgs_generate_messages_py
[  0%] Built target sensor_msgs_generate_messages_py
[  0%] Built target geometry_msgs_generate_messages_lisp
[  0%] Built target trajectory_msgs_generate_messages_lisp
[  0%] Built target sensor_msgs_generate_messages_lisp
[  0%] Built target _planning_msgs_generate_messages_check_deps_PolynomialTrajectory4D
[  0%] Built target _planning_msgs_generate_messages_check_deps_PlannerService
[  0%] Built target _planning_msgs_generate_messages_check_deps_PolynomialSegment4D
[  0%] Built target _planning_msgs_generate_messages_check_deps_PointCloudWithPose
Scanning dependencies of target planning_msgs_generate_messages_eus
Scanning dependencies of target planning_msgs_generate_messages_lisp
Scanning dependencies of target planning_msgs_generate_messages_py
Scanning dependencies of target planning_msgs_generate_messages_cpp
Scanning dependencies of target planning_msgs_generate_messages_nodejs
[ 56%] Generating Python from MSG planning_msgs/PolynomialSegment4D
[ 56%] Generating Javascript code from planning_msgs/PolynomialTrajectory4D.msg
[ 56%] Generating C++ code from planning_msgs/PolynomialTrajectory4D.msg
[ 56%] Generating Javascript code from planning_msgs/PolynomialSegment4D.msg
[ 56%] Generating C++ code from planning_msgs/PointCloudWithPose.msg
[ 56%] Generating C++ code from planning_msgs/PlannerService.srv
[ 56%] Generating Python from MSG planning_msgs/PolynomialTrajectory4D
[ 56%] Generating Python code from SRV planning_msgs/PlannerService
[ 56%] Generating EusLisp code from planning_msgs/PointCloudWithPose.msg
[ 56%] Generating Python from MSG planning_msgs/PointCloudWithPose
[ 56%] Generating C++ code from planning_msgs/PolynomialSegment4D.msg
[ 60%] Generating EusLisp code from planning_msgs/PolynomialSegment4D.msg
[ 56%] Generating Javascript code from planning_msgs/PointCloudWithPose.msg
[ 56%] Generating Lisp code from planning_msgs/PointCloudWithPose.msg
[ 65%] Generating Javascript code from planning_msgs/PlannerService.srv
[ 69%] Generating EusLisp code from planning_msgs/PolynomialTrajectory4D.msg
[ 78%] Generating EusLisp manifest code for planning_msgs
[ 78%] Generating EusLisp code from planning_msgs/PlannerService.srv
[ 82%] Generating Lisp code from planning_msgs/PolynomialTrajectory4D.msg
[ 82%] Built target planning_msgs_generate_messages_nodejs
[ 86%] Generating Lisp code from planning_msgs/PolynomialSegment4D.msg
[ 91%] Generating Lisp code from planning_msgs/PlannerService.srv
[ 91%] Built target planning_msgs_generate_messages_lisp
[100%] Generating Python msg __init__.py for planning_msgs
[100%] Generating Python srv __init__.py for planning_msgs
[100%] Built target planning_msgs_generate_messages_cpp
[100%] Built target planning_msgs_generate_messages_py
[100%] Built target planning_msgs_generate_messages_eus
Scanning dependencies of target planning_msgs_generate_messages
[100%] Built target planning_msgs_generate_messages
