Linked: (/root/uav_ws/devel/.private/planning_msgs/lib/pkgconfig/planning_msgs.pc, /root/uav_ws/devel/lib/pkgconfig/planning_msgs.pc)
Linked: (/root/uav_ws/devel/.private/planning_msgs/lib/python3/dist-packages/planning_msgs/__init__.py, /root/uav_ws/devel/lib/python3/dist-packages/planning_msgs/__init__.py)
Linked: (/root/uav_ws/devel/.private/planning_msgs/lib/python3/dist-packages/planning_msgs/srv/__init__.py, /root/uav_ws/devel/lib/python3/dist-packages/planning_msgs/srv/__init__.py)
Linked: (/root/uav_ws/devel/.private/planning_msgs/lib/python3/dist-packages/planning_msgs/srv/_PlannerService.py, /root/uav_ws/devel/lib/python3/dist-packages/planning_msgs/srv/_PlannerService.py)
Linked: (/root/uav_ws/devel/.private/planning_msgs/lib/python3/dist-packages/planning_msgs/msg/_PointCloudWithPose.py, /root/uav_ws/devel/lib/python3/dist-packages/planning_msgs/msg/_PointCloudWithPose.py)
Linked: (/root/uav_ws/devel/.private/planning_msgs/lib/python3/dist-packages/planning_msgs/msg/__init__.py, /root/uav_ws/devel/lib/python3/dist-packages/planning_msgs/msg/__init__.py)
Linked: (/root/uav_ws/devel/.private/planning_msgs/lib/python3/dist-packages/planning_msgs/msg/_PolynomialSegment4D.py, /root/uav_ws/devel/lib/python3/dist-packages/planning_msgs/msg/_PolynomialSegment4D.py)
Linked: (/root/uav_ws/devel/.private/planning_msgs/lib/python3/dist-packages/planning_msgs/msg/_PolynomialTrajectory4D.py, /root/uav_ws/devel/lib/python3/dist-packages/planning_msgs/msg/_PolynomialTrajectory4D.py)
Linked: (/root/uav_ws/devel/.private/planning_msgs/share/planning_msgs/cmake/planning_msgsConfig-version.cmake, /root/uav_ws/devel/share/planning_msgs/cmake/planning_msgsConfig-version.cmake)
Linked: (/root/uav_ws/devel/.private/planning_msgs/share/planning_msgs/cmake/planning_msgsConfig.cmake, /root/uav_ws/devel/share/planning_msgs/cmake/planning_msgsConfig.cmake)
Linked: (/root/uav_ws/devel/.private/planning_msgs/share/planning_msgs/cmake/planning_msgs-msg-extras.cmake, /root/uav_ws/devel/share/planning_msgs/cmake/planning_msgs-msg-extras.cmake)
Linked: (/root/uav_ws/devel/.private/planning_msgs/share/planning_msgs/cmake/planning_msgs-msg-paths.cmake, /root/uav_ws/devel/share/planning_msgs/cmake/planning_msgs-msg-paths.cmake)
Linked: (/root/uav_ws/devel/.private/planning_msgs/share/gennodejs/ros/planning_msgs/_index.js, /root/uav_ws/devel/share/gennodejs/ros/planning_msgs/_index.js)
Linked: (/root/uav_ws/devel/.private/planning_msgs/share/gennodejs/ros/planning_msgs/srv/PlannerService.js, /root/uav_ws/devel/share/gennodejs/ros/planning_msgs/srv/PlannerService.js)
Linked: (/root/uav_ws/devel/.private/planning_msgs/share/gennodejs/ros/planning_msgs/srv/_index.js, /root/uav_ws/devel/share/gennodejs/ros/planning_msgs/srv/_index.js)
Linked: (/root/uav_ws/devel/.private/planning_msgs/share/gennodejs/ros/planning_msgs/msg/PointCloudWithPose.js, /root/uav_ws/devel/share/gennodejs/ros/planning_msgs/msg/PointCloudWithPose.js)
Linked: (/root/uav_ws/devel/.private/planning_msgs/share/gennodejs/ros/planning_msgs/msg/PolynomialTrajectory4D.js, /root/uav_ws/devel/share/gennodejs/ros/planning_msgs/msg/PolynomialTrajectory4D.js)
Linked: (/root/uav_ws/devel/.private/planning_msgs/share/gennodejs/ros/planning_msgs/msg/_index.js, /root/uav_ws/devel/share/gennodejs/ros/planning_msgs/msg/_index.js)
Linked: (/root/uav_ws/devel/.private/planning_msgs/share/gennodejs/ros/planning_msgs/msg/PolynomialSegment4D.js, /root/uav_ws/devel/share/gennodejs/ros/planning_msgs/msg/PolynomialSegment4D.js)
Linked: (/root/uav_ws/devel/.private/planning_msgs/share/common-lisp/ros/planning_msgs/srv/PlannerService.lisp, /root/uav_ws/devel/share/common-lisp/ros/planning_msgs/srv/PlannerService.lisp)
Linked: (/root/uav_ws/devel/.private/planning_msgs/share/common-lisp/ros/planning_msgs/srv/planning_msgs-srv.asd, /root/uav_ws/devel/share/common-lisp/ros/planning_msgs/srv/planning_msgs-srv.asd)
Linked: (/root/uav_ws/devel/.private/planning_msgs/share/common-lisp/ros/planning_msgs/srv/_package.lisp, /root/uav_ws/devel/share/common-lisp/ros/planning_msgs/srv/_package.lisp)
Linked: (/root/uav_ws/devel/.private/planning_msgs/share/common-lisp/ros/planning_msgs/srv/_package_PlannerService.lisp, /root/uav_ws/devel/share/common-lisp/ros/planning_msgs/srv/_package_PlannerService.lisp)
Linked: (/root/uav_ws/devel/.private/planning_msgs/share/common-lisp/ros/planning_msgs/msg/_package_PolynomialSegment4D.lisp, /root/uav_ws/devel/share/common-lisp/ros/planning_msgs/msg/_package_PolynomialSegment4D.lisp)
Linked: (/root/uav_ws/devel/.private/planning_msgs/share/common-lisp/ros/planning_msgs/msg/PolynomialTrajectory4D.lisp, /root/uav_ws/devel/share/common-lisp/ros/planning_msgs/msg/PolynomialTrajectory4D.lisp)
Linked: (/root/uav_ws/devel/.private/planning_msgs/share/common-lisp/ros/planning_msgs/msg/_package.lisp, /root/uav_ws/devel/share/common-lisp/ros/planning_msgs/msg/_package.lisp)
Linked: (/root/uav_ws/devel/.private/planning_msgs/share/common-lisp/ros/planning_msgs/msg/_package_PointCloudWithPose.lisp, /root/uav_ws/devel/share/common-lisp/ros/planning_msgs/msg/_package_PointCloudWithPose.lisp)
Linked: (/root/uav_ws/devel/.private/planning_msgs/share/common-lisp/ros/planning_msgs/msg/planning_msgs-msg.asd, /root/uav_ws/devel/share/common-lisp/ros/planning_msgs/msg/planning_msgs-msg.asd)
Linked: (/root/uav_ws/devel/.private/planning_msgs/share/common-lisp/ros/planning_msgs/msg/PointCloudWithPose.lisp, /root/uav_ws/devel/share/common-lisp/ros/planning_msgs/msg/PointCloudWithPose.lisp)
Linked: (/root/uav_ws/devel/.private/planning_msgs/share/common-lisp/ros/planning_msgs/msg/_package_PolynomialTrajectory4D.lisp, /root/uav_ws/devel/share/common-lisp/ros/planning_msgs/msg/_package_PolynomialTrajectory4D.lisp)
Linked: (/root/uav_ws/devel/.private/planning_msgs/share/common-lisp/ros/planning_msgs/msg/PolynomialSegment4D.lisp, /root/uav_ws/devel/share/common-lisp/ros/planning_msgs/msg/PolynomialSegment4D.lisp)
Linked: (/root/uav_ws/devel/.private/planning_msgs/share/roseus/ros/planning_msgs/manifest.l, /root/uav_ws/devel/share/roseus/ros/planning_msgs/manifest.l)
Linked: (/root/uav_ws/devel/.private/planning_msgs/share/roseus/ros/planning_msgs/srv/PlannerService.l, /root/uav_ws/devel/share/roseus/ros/planning_msgs/srv/PlannerService.l)
Linked: (/root/uav_ws/devel/.private/planning_msgs/share/roseus/ros/planning_msgs/msg/PointCloudWithPose.l, /root/uav_ws/devel/share/roseus/ros/planning_msgs/msg/PointCloudWithPose.l)
Linked: (/root/uav_ws/devel/.private/planning_msgs/share/roseus/ros/planning_msgs/msg/PolynomialTrajectory4D.l, /root/uav_ws/devel/share/roseus/ros/planning_msgs/msg/PolynomialTrajectory4D.l)
Linked: (/root/uav_ws/devel/.private/planning_msgs/share/roseus/ros/planning_msgs/msg/PolynomialSegment4D.l, /root/uav_ws/devel/share/roseus/ros/planning_msgs/msg/PolynomialSegment4D.l)
Linked: (/root/uav_ws/devel/.private/planning_msgs/include/planning_msgs/PolynomialSegment4D.h, /root/uav_ws/devel/include/planning_msgs/PolynomialSegment4D.h)
Linked: (/root/uav_ws/devel/.private/planning_msgs/include/planning_msgs/PlannerServiceRequest.h, /root/uav_ws/devel/include/planning_msgs/PlannerServiceRequest.h)
Linked: (/root/uav_ws/devel/.private/planning_msgs/include/planning_msgs/PlannerServiceResponse.h, /root/uav_ws/devel/include/planning_msgs/PlannerServiceResponse.h)
Linked: (/root/uav_ws/devel/.private/planning_msgs/include/planning_msgs/PlannerService.h, /root/uav_ws/devel/include/planning_msgs/PlannerService.h)
Linked: (/root/uav_ws/devel/.private/planning_msgs/include/planning_msgs/PointCloudWithPose.h, /root/uav_ws/devel/include/planning_msgs/PointCloudWithPose.h)
Linked: (/root/uav_ws/devel/.private/planning_msgs/include/planning_msgs/PolynomialTrajectory4D.h, /root/uav_ws/devel/include/planning_msgs/PolynomialTrajectory4D.h)
