[  0%] Built target geometry_msgs_generate_messages_nodejs
[  0%] Built target mav_msgs_generate_messages_py
[  0%] Built target dynamic_reconfigure_gencfg
[  0%] Built target trajectory_msgs_generate_messages_nodejs
[  0%] Built target trajectory_msgs_generate_messages_cpp
[  0%] Built target geometry_msgs_generate_messages_lisp
[  0%] Built target sensor_msgs_generate_messages_nodejs
[  0%] Built target trajectory_msgs_generate_messages_py
[  0%] Built target trajectory_msgs_generate_messages_lisp
[  0%] Built target mav_msgs_generate_messages_cpp
[  0%] Built target trajectory_msgs_generate_messages_eus
[  0%] Built target geometry_msgs_generate_messages_cpp
[  0%] Built target geometry_msgs_generate_messages_py
[  0%] Built target sensor_msgs_generate_messages_py
[ 50%] Built target ArduPilotPlugin
[ 50%] Built target ArduCopterPlugin
[ 50%] Built target roscpp_generate_messages_eus
[ 50%] Built target rosgraph_msgs_generate_messages_cpp
[ 50%] Built target roscpp_generate_messages_nodejs
[ 50%] Built target rosgraph_msgs_generate_messages_eus
[ 50%] Built target dynamic_reconfigure_generate_messages_cpp
[ 50%] Built target roscpp_generate_messages_py
[ 50%] Built target mav_msgs_generate_messages_nodejs
[ 50%] Built target std_msgs_generate_messages_eus
[ 50%] Built target sensor_msgs_generate_messages_lisp
[ 50%] Built target sensor_msgs_generate_messages_eus
[ 50%] Built target rosgraph_msgs_generate_messages_py
[ 50%] Built target roscpp_generate_messages_lisp
[ 50%] Built target rosgraph_msgs_generate_messages_lisp
[ 50%] Built target roscpp_generate_messages_cpp
[ 50%] Built target rosgraph_msgs_generate_messages_nodejs
[ 50%] Built target mav_msgs_generate_messages_eus
[ 50%] Built target mav_msgs_generate_messages_lisp
[ 50%] Built target std_msgs_generate_messages_cpp
[ 50%] Built target geometry_msgs_generate_messages_eus
[ 50%] Built target std_msgs_generate_messages_py
[ 50%] Built target std_msgs_generate_messages_nodejs
[ 50%] Built target dynamic_reconfigure_generate_messages_lisp
[ 50%] Built target std_msgs_generate_messages_lisp
[ 50%] Built target dynamic_reconfigure_generate_messages_py
[ 50%] Built target dynamic_reconfigure_generate_messages_nodejs
[ 50%] Built target dynamic_reconfigure_generate_messages_eus
[ 50%] Built target sensor_msgs_generate_messages_cpp
[ 75%] Built target ArduCopterIRLockPlugin
[100%] Built target GazeboGimbalPlugin
