Scanning dependencies of target actionlib_generate_messages_eus
Scanning dependencies of target tf2_msgs_generate_messages_nodejs
Scanning dependencies of target velodyne_msgs_generate_messages_py
Scanning dependencies of target velodyne_msgs_generate_messages_eus
Scanning dependencies of target velodyne_driver_gencfg
Scanning dependencies of target velodyne_msgs_generate_messages_lisp
Scanning dependencies of target velodyne_msgs_generate_messages_cpp
Scanning dependencies of target tf2_msgs_generate_messages_lisp
Scanning dependencies of target actionlib_msgs_generate_messages_py
Scanning dependencies of target actionlib_msgs_generate_messages_cpp
Scanning dependencies of target actionlib_generate_messages_nodejs
Scanning dependencies of target dynamic_reconfigure_generate_messages_lisp
Scanning dependencies of target tf2_msgs_generate_messages_cpp
Scanning dependencies of target actionlib_generate_messages_cpp
Scanning dependencies of target rosgraph_msgs_generate_messages_nodejs
Scanning dependencies of target rosgraph_msgs_generate_messages_eus
[ 11%] Generating dynamic reconfigure files from cfg/VelodyneNode.cfg: /root/uav_ws/devel/.private/velodyne_driver/include/velodyne_driver/VelodyneNodeConfig.h /root/uav_ws/devel/.private/velodyne_driver/lib/python3/dist-packages/velodyne_driver/cfg/VelodyneNodeConfig.py
[ 11%] Built target actionlib_generate_messages_eus
[ 11%] Built target velodyne_msgs_generate_messages_eus
[ 11%] Built target velodyne_msgs_generate_messages_cpp
[ 11%] Built target velodyne_msgs_generate_messages_lisp
[ 11%] Built target velodyne_msgs_generate_messages_py
[ 11%] Built target tf2_msgs_generate_messages_lisp
[ 11%] Built target tf2_msgs_generate_messages_nodejs
[ 11%] Built target actionlib_msgs_generate_messages_py
[ 11%] Built target dynamic_reconfigure_generate_messages_lisp
[ 11%] Built target actionlib_msgs_generate_messages_cpp
[ 11%] Built target tf2_msgs_generate_messages_cpp
[ 11%] Built target rosgraph_msgs_generate_messages_nodejs
[ 11%] Built target actionlib_generate_messages_cpp
[ 11%] Built target actionlib_generate_messages_nodejs
[ 11%] Built target rosgraph_msgs_generate_messages_eus
Scanning dependencies of target dynamic_reconfigure_generate_messages_cpp
Scanning dependencies of target tf_generate_messages_lisp
Scanning dependencies of target roscpp_generate_messages_py
Scanning dependencies of target roscpp_generate_messages_lisp
Scanning dependencies of target rosgraph_msgs_generate_messages_py
Scanning dependencies of target actionlib_generate_messages_lisp
Scanning dependencies of target dynamic_reconfigure_gencfg
Scanning dependencies of target roscpp_generate_messages_cpp
Scanning dependencies of target roscpp_generate_messages_eus
Scanning dependencies of target sensor_msgs_generate_messages_cpp
Scanning dependencies of target nodelet_generate_messages_cpp
Scanning dependencies of target diagnostic_msgs_generate_messages_py
Scanning dependencies of target geometry_msgs_generate_messages_eus
Scanning dependencies of target std_msgs_generate_messages_nodejs
Scanning dependencies of target nodelet_generate_messages_lisp
[ 11%] Built target roscpp_generate_messages_py
[ 11%] Built target dynamic_reconfigure_generate_messages_cpp
[ 11%] Built target roscpp_generate_messages_lisp
[ 11%] Built target rosgraph_msgs_generate_messages_py
[ 11%] Built target tf_generate_messages_lisp
[ 11%] Built target actionlib_generate_messages_lisp
[ 11%] Built target roscpp_generate_messages_eus
[ 11%] Built target sensor_msgs_generate_messages_cpp
[ 11%] Built target dynamic_reconfigure_gencfg
[ 11%] Built target roscpp_generate_messages_cpp
[ 11%] Built target geometry_msgs_generate_messages_eus
[ 11%] Built target diagnostic_msgs_generate_messages_py
[ 11%] Built target nodelet_generate_messages_cpp
[ 11%] Built target std_msgs_generate_messages_nodejs
[ 11%] Built target nodelet_generate_messages_lisp
Scanning dependencies of target tf_generate_messages_eus
Scanning dependencies of target diagnostic_msgs_generate_messages_eus
Scanning dependencies of target diagnostic_msgs_generate_messages_nodejs
Scanning dependencies of target std_msgs_generate_messages_py
Scanning dependencies of target diagnostic_msgs_generate_messages_cpp
Scanning dependencies of target std_msgs_generate_messages_cpp
Scanning dependencies of target rosgraph_msgs_generate_messages_lisp
Scanning dependencies of target actionlib_msgs_generate_messages_eus
Scanning dependencies of target std_msgs_generate_messages_lisp
Scanning dependencies of target dynamic_reconfigure_generate_messages_py
Scanning dependencies of target actionlib_generate_messages_py
Scanning dependencies of target diagnostic_msgs_generate_messages_lisp
Scanning dependencies of target actionlib_msgs_generate_messages_lisp
Scanning dependencies of target actionlib_msgs_generate_messages_nodejs
Scanning dependencies of target roscpp_generate_messages_nodejs
[ 11%] Built target std_msgs_generate_messages_py
[ 11%] Built target diagnostic_msgs_generate_messages_nodejs
[ 11%] Built target diagnostic_msgs_generate_messages_eus
[ 11%] Built target tf_generate_messages_eus
[ 11%] Built target diagnostic_msgs_generate_messages_cpp
[ 11%] Built target rosgraph_msgs_generate_messages_lisp
[ 11%] Built target std_msgs_generate_messages_cpp
[ 11%] Built target std_msgs_generate_messages_lisp
[ 11%] Built target actionlib_msgs_generate_messages_eus
[ 11%] Built target dynamic_reconfigure_generate_messages_py
[ 11%] Built target actionlib_generate_messages_py
[ 11%] Built target roscpp_generate_messages_nodejs
[ 11%] Built target actionlib_msgs_generate_messages_nodejs
[ 11%] Built target diagnostic_msgs_generate_messages_lisp
[ 11%] Built target actionlib_msgs_generate_messages_lisp
Scanning dependencies of target tf_generate_messages_py
Scanning dependencies of target nodelet_generate_messages_eus
Scanning dependencies of target std_msgs_generate_messages_eus
Scanning dependencies of target nodelet_generate_messages_nodejs
Scanning dependencies of target nodelet_generate_messages_py
Scanning dependencies of target bond_generate_messages_nodejs
Scanning dependencies of target tf2_msgs_generate_messages_py
Scanning dependencies of target bond_generate_messages_cpp
Scanning dependencies of target dynamic_reconfigure_generate_messages_nodejs
Scanning dependencies of target bond_generate_messages_eus
Scanning dependencies of target bond_generate_messages_lisp
Scanning dependencies of target sensor_msgs_generate_messages_eus
Scanning dependencies of target sensor_msgs_generate_messages_nodejs
Scanning dependencies of target sensor_msgs_generate_messages_lisp
[ 11%] Built target tf_generate_messages_py
[ 11%] Built target nodelet_generate_messages_eus
[ 11%] Built target bond_generate_messages_nodejs
[ 11%] Built target std_msgs_generate_messages_eus
[ 11%] Built target nodelet_generate_messages_nodejs
[ 11%] Built target nodelet_generate_messages_py
[ 11%] Built target tf2_msgs_generate_messages_py
Scanning dependencies of target bond_generate_messages_py
[ 11%] Built target bond_generate_messages_lisp
[ 11%] Built target dynamic_reconfigure_generate_messages_nodejs
[ 11%] Built target bond_generate_messages_cpp
[ 11%] Built target sensor_msgs_generate_messages_eus
[ 11%] Built target bond_generate_messages_eus
[ 11%] Built target sensor_msgs_generate_messages_lisp
[ 11%] Built target sensor_msgs_generate_messages_nodejs
Scanning dependencies of target tf_generate_messages_nodejs
Scanning dependencies of target tf_generate_messages_cpp
Scanning dependencies of target geometry_msgs_generate_messages_lisp
Scanning dependencies of target velodyne_msgs_generate_messages_nodejs
Generating reconfiguration files for VelodyneNode in velodyne_driver
Scanning dependencies of target geometry_msgs_generate_messages_nodejs
Scanning dependencies of target dynamic_reconfigure_generate_messages_eus
Scanning dependencies of target sensor_msgs_generate_messages_py
Scanning dependencies of target geometry_msgs_generate_messages_cpp
Wrote header file in /root/uav_ws/devel/.private/velodyne_driver/include/velodyne_driver/VelodyneNodeConfig.h
[ 11%] Built target bond_generate_messages_py
Scanning dependencies of target geometry_msgs_generate_messages_py
Scanning dependencies of target tf2_msgs_generate_messages_eus
[ 11%] Built target tf_generate_messages_nodejs
[ 11%] Built target geometry_msgs_generate_messages_lisp
Scanning dependencies of target rosgraph_msgs_generate_messages_cpp
[ 11%] Built target tf_generate_messages_cpp
[ 11%] Built target velodyne_msgs_generate_messages_nodejs
[ 11%] Built target dynamic_reconfigure_generate_messages_eus
[ 11%] Built target geometry_msgs_generate_messages_nodejs
[ 11%] Built target geometry_msgs_generate_messages_cpp
[ 11%] Built target tf2_msgs_generate_messages_eus
[ 11%] Built target geometry_msgs_generate_messages_py
[ 11%] Built target sensor_msgs_generate_messages_py
[ 11%] Built target rosgraph_msgs_generate_messages_cpp
[ 11%] Built target velodyne_driver_gencfg
Scanning dependencies of target velodyne_input
[ 22%] Building CXX object src/lib/CMakeFiles/velodyne_input.dir/input.cc.o
[ 33%] Linking CXX shared library /root/uav_ws/devel/.private/velodyne_driver/lib/libvelodyne_input.so
[ 33%] Built target velodyne_input
Scanning dependencies of target velodyne_node
Scanning dependencies of target driver_nodelet
[ 77%] Building CXX object src/driver/CMakeFiles/driver_nodelet.dir/nodelet.cc.o
[ 77%] Building CXX object src/driver/CMakeFiles/velodyne_node.dir/velodyne_node.cc.o
[ 77%] Building CXX object src/driver/CMakeFiles/driver_nodelet.dir/driver.cc.o
[ 77%] Building CXX object src/driver/CMakeFiles/velodyne_node.dir/driver.cc.o
[ 88%] Linking CXX shared library /root/uav_ws/devel/.private/velodyne_driver/lib/libdriver_nodelet.so
[100%] Linking CXX executable /root/uav_ws/devel/.private/velodyne_driver/lib/velodyne_driver/velodyne_node
[100%] Built target driver_nodelet
[100%] Built target velodyne_node
