Scanning dependencies of target mav_msgs_generate_messages_nodejs
Scanning dependencies of target sensor_msgs_generate_messages_lisp
Scanning dependencies of target sensor_msgs_generate_messages_cpp
Scanning dependencies of target sensor_msgs_generate_messages_nodejs
Scanning dependencies of target trajectory_msgs_generate_messages_nodejs
Scanning dependencies of target trajectory_msgs_generate_messages_py
Scanning dependencies of target mav_msgs_generate_messages_py
Scanning dependencies of target rosgraph_msgs_generate_messages_eus
Scanning dependencies of target trajectory_msgs_generate_messages_cpp
Scanning dependencies of target trajectory_msgs_generate_messages_lisp
Scanning dependencies of target rosgraph_msgs_generate_messages_cpp
Scanning dependencies of target trajectory_msgs_generate_messages_eus
Scanning dependencies of target geometry_msgs_generate_messages_cpp
Scanning dependencies of target std_msgs_generate_messages_eus
Scanning dependencies of target roscpp_generate_messages_nodejs
Scanning dependencies of target geometry_msgs_generate_messages_lisp
[  0%] Built target trajectory_msgs_generate_messages_py
[  0%] Built target mav_msgs_generate_messages_nodejs
[  0%] Built target sensor_msgs_generate_messages_cpp
[  0%] Built target sensor_msgs_generate_messages_lisp
[  0%] Built target sensor_msgs_generate_messages_nodejs
[  0%] Built target rosgraph_msgs_generate_messages_eus
[  0%] Built target trajectory_msgs_generate_messages_lisp
[  0%] Built target mav_msgs_generate_messages_py
[  0%] Built target roscpp_generate_messages_nodejs
[  0%] Built target trajectory_msgs_generate_messages_cpp
[  0%] Built target trajectory_msgs_generate_messages_eus
[  0%] Built target trajectory_msgs_generate_messages_nodejs
[  0%] Built target std_msgs_generate_messages_eus
[  0%] Built target geometry_msgs_generate_messages_lisp
[  0%] Built target geometry_msgs_generate_messages_cpp
[  0%] Built target rosgraph_msgs_generate_messages_cpp
Scanning dependencies of target roscpp_generate_messages_py
Scanning dependencies of target roscpp_generate_messages_eus
Scanning dependencies of target geometry_msgs_generate_messages_nodejs
Scanning dependencies of target sensor_msgs_generate_messages_py
Scanning dependencies of target rosgraph_msgs_generate_messages_py
Scanning dependencies of target geometry_msgs_generate_messages_py
Scanning dependencies of target rosgraph_msgs_generate_messages_lisp
Scanning dependencies of target mav_msgs_generate_messages_cpp
Scanning dependencies of target roscpp_generate_messages_lisp
Scanning dependencies of target std_msgs_generate_messages_lisp
Scanning dependencies of target std_msgs_generate_messages_py
Scanning dependencies of target geometry_msgs_generate_messages_eus
Scanning dependencies of target mav_msgs_generate_messages_eus
Scanning dependencies of target std_msgs_generate_messages_nodejs
Scanning dependencies of target rosgraph_msgs_generate_messages_nodejs
Scanning dependencies of target std_msgs_generate_messages_cpp
[  0%] Built target geometry_msgs_generate_messages_nodejs
[  0%] Built target roscpp_generate_messages_eus
[  0%] Built target sensor_msgs_generate_messages_py
[  0%] Built target rosgraph_msgs_generate_messages_py
[  0%] Built target roscpp_generate_messages_py
[  0%] Built target geometry_msgs_generate_messages_py
[  0%] Built target rosgraph_msgs_generate_messages_lisp
[  0%] Built target roscpp_generate_messages_lisp
[  0%] Built target mav_msgs_generate_messages_cpp
[  0%] Built target std_msgs_generate_messages_lisp
[  0%] Built target std_msgs_generate_messages_py
[  0%] Built target std_msgs_generate_messages_nodejs
[  0%] Built target geometry_msgs_generate_messages_eus
[  0%] Built target std_msgs_generate_messages_cpp
[  0%] Built target mav_msgs_generate_messages_eus
[  0%] Built target rosgraph_msgs_generate_messages_nodejs
Scanning dependencies of target mav_msgs_generate_messages_lisp
Scanning dependencies of target sensor_msgs_generate_messages_eus
Scanning dependencies of target roscpp_generate_messages_cpp
[  0%] Built target sensor_msgs_generate_messages_eus
[  0%] Built target mav_msgs_generate_messages_lisp
[  0%] Built target roscpp_generate_messages_cpp
Scanning dependencies of target rotors_joy_interface
[ 50%] Building CXX object CMakeFiles/rotors_joy_interface.dir/src/joy.cpp.o
[100%] Linking CXX executable /root/uav_ws/devel/.private/rotors_joy_interface/lib/rotors_joy_interface/rotors_joy_interface
[100%] Built target rotors_joy_interface
