Symlinking /root/uav_ws/devel/lib/libtest_helper_library.so
Symlinking /root/uav_ws/devel/lib/libvicon_estimator.so
Symlinking /root/uav_ws/devel/lib/pkgconfig/ros_vrpn_client.pc
Symlinking /root/uav_ws/devel/lib/ros_vrpn_client/ros_vrpn_client
Symlinking /root/uav_ws/devel/lib/ros_vrpn_client/vicon_estimation_node
Symlinking /root/uav_ws/devel/lib/python3/dist-packages/ros_vrpn_client/__init__.py
Symlinking /root/uav_ws/devel/lib/python3/dist-packages/ros_vrpn_client/msg/__init__.py
Symlinking /root/uav_ws/devel/lib/python3/dist-packages/ros_vrpn_client/msg/_viconEstimator.py
Symlinking /root/uav_ws/devel/share/gennodejs/ros/ros_vrpn_client/_index.js
Symlinking /root/uav_ws/devel/share/gennodejs/ros/ros_vrpn_client/msg/_index.js
Symlinking /root/uav_ws/devel/share/gennodejs/ros/ros_vrpn_client/msg/viconEstimator.js
Symlinking /root/uav_ws/devel/share/ros_vrpn_client/cmake/ros_vrpn_client-msg-paths.cmake
Symlinking /root/uav_ws/devel/share/ros_vrpn_client/cmake/ros_vrpn_clientConfig-version.cmake
Symlinking /root/uav_ws/devel/share/ros_vrpn_client/cmake/ros_vrpn_clientConfig.cmake
Symlinking /root/uav_ws/devel/share/ros_vrpn_client/cmake/ros_vrpn_client-msg-extras.cmake
Symlinking /root/uav_ws/devel/share/common-lisp/ros/ros_vrpn_client/msg/viconEstimator.lisp
Symlinking /root/uav_ws/devel/share/common-lisp/ros/ros_vrpn_client/msg/_package.lisp
Symlinking /root/uav_ws/devel/share/common-lisp/ros/ros_vrpn_client/msg/_package_viconEstimator.lisp
Symlinking /root/uav_ws/devel/share/common-lisp/ros/ros_vrpn_client/msg/ros_vrpn_client-msg.asd
Symlinking /root/uav_ws/devel/share/roseus/ros/ros_vrpn_client/manifest.l
Symlinking /root/uav_ws/devel/share/roseus/ros/ros_vrpn_client/msg/viconEstimator.l
Symlinking /root/uav_ws/devel/include/ros_vrpn_client/viconEstimator.h
