Scanning dependencies of target actionlib_msgs_generate_messages_cpp
Scanning dependencies of target _ros_vrpn_client_generate_messages_check_deps_viconEstimator
Scanning dependencies of target actionlib_generate_messages_nodejs
Scanning dependencies of target nav_msgs_generate_messages_py
Scanning dependencies of target std_msgs_generate_messages_py
Scanning dependencies of target roscpp_generate_messages_py
Scanning dependencies of target geometry_msgs_generate_messages_py
Scanning dependencies of target rosgraph_msgs_generate_messages_nodejs
Scanning dependencies of target tf2_msgs_generate_messages_cpp
Scanning dependencies of target nav_msgs_generate_messages_eus
Scanning dependencies of target std_msgs_generate_messages_nodejs
Scanning dependencies of target std_msgs_generate_messages_cpp
Scanning dependencies of target actionlib_generate_messages_cpp
Scanning dependencies of target geometry_msgs_generate_messages_eus
Scanning dependencies of target actionlib_msgs_generate_messages_py
Scanning dependencies of target roscpp_generate_messages_eus
[  0%] Built target geometry_msgs_generate_messages_py
[  0%] Built target actionlib_msgs_generate_messages_cpp
[  0%] Built target actionlib_generate_messages_nodejs
[  0%] Built target roscpp_generate_messages_py
[  0%] Built target std_msgs_generate_messages_py
[  0%] Built target nav_msgs_generate_messages_eus
[  0%] Built target nav_msgs_generate_messages_py
[  0%] Built target std_msgs_generate_messages_nodejs
[  0%] Built target tf2_msgs_generate_messages_cpp
[  0%] Built target std_msgs_generate_messages_cpp
[  0%] Built target rosgraph_msgs_generate_messages_nodejs
[  0%] Built target actionlib_generate_messages_cpp
[  0%] Built target geometry_msgs_generate_messages_eus
[  0%] Built target actionlib_msgs_generate_messages_py
[  0%] Built target roscpp_generate_messages_eus
Scanning dependencies of target geometry_msgs_generate_messages_cpp
Scanning dependencies of target roscpp_generate_messages_cpp
Scanning dependencies of target nav_msgs_generate_messages_cpp
Scanning dependencies of target rosgraph_msgs_generate_messages_lisp
Scanning dependencies of target nav_msgs_generate_messages_nodejs
Scanning dependencies of target actionlib_generate_messages_lisp
Scanning dependencies of target actionlib_msgs_generate_messages_eus
Scanning dependencies of target std_msgs_generate_messages_lisp
Scanning dependencies of target rosgraph_msgs_generate_messages_py
Scanning dependencies of target roscpp_generate_messages_lisp
Scanning dependencies of target rosgraph_msgs_generate_messages_eus
Scanning dependencies of target tf2_msgs_generate_messages_eus
Scanning dependencies of target actionlib_generate_messages_py
Scanning dependencies of target actionlib_generate_messages_eus
Scanning dependencies of target roscpp_generate_messages_nodejs
[  0%] Built target actionlib_generate_messages_lisp
[  0%] Built target roscpp_generate_messages_lisp
[  0%] Built target nav_msgs_generate_messages_cpp
[  0%] Built target rosgraph_msgs_generate_messages_lisp
[  0%] Built target roscpp_generate_messages_cpp
[  0%] Built target actionlib_msgs_generate_messages_eus
[  0%] Built target nav_msgs_generate_messages_nodejs
[  0%] Built target geometry_msgs_generate_messages_cpp
[  0%] Built target rosgraph_msgs_generate_messages_py
[  0%] Built target actionlib_generate_messages_py
[  0%] Built target std_msgs_generate_messages_lisp
[  0%] Built target rosgraph_msgs_generate_messages_eus
[  0%] Built target tf2_msgs_generate_messages_eus
[  0%] Built target roscpp_generate_messages_nodejs
[  0%] Built target actionlib_generate_messages_eus
Scanning dependencies of target geometry_msgs_generate_messages_nodejs
Scanning dependencies of target actionlib_msgs_generate_messages_nodejs
Scanning dependencies of target rosgraph_msgs_generate_messages_cpp
Scanning dependencies of target std_msgs_generate_messages_eus
Scanning dependencies of target actionlib_msgs_generate_messages_lisp
Scanning dependencies of target tf2_msgs_generate_messages_py
Scanning dependencies of target tf2_msgs_generate_messages_lisp
Scanning dependencies of target nav_msgs_generate_messages_lisp
Scanning dependencies of target tf2_msgs_generate_messages_nodejs
Scanning dependencies of target geometry_msgs_generate_messages_lisp
[  0%] Built target actionlib_msgs_generate_messages_lisp
[  0%] Built target rosgraph_msgs_generate_messages_cpp
[  0%] Built target tf2_msgs_generate_messages_lisp
[  0%] Built target _ros_vrpn_client_generate_messages_check_deps_viconEstimator
[  0%] Built target actionlib_msgs_generate_messages_nodejs
[  0%] Built target std_msgs_generate_messages_eus
[  0%] Built target geometry_msgs_generate_messages_nodejs
[  0%] Built target geometry_msgs_generate_messages_lisp
[  0%] Built target tf2_msgs_generate_messages_py
[  0%] Built target tf2_msgs_generate_messages_nodejs
[  0%] Built target nav_msgs_generate_messages_lisp
Scanning dependencies of target ros_vrpn_client_generate_messages_eus
Scanning dependencies of target ros_vrpn_client_generate_messages_cpp
Scanning dependencies of target ros_vrpn_client_generate_messages_py
Scanning dependencies of target ros_vrpn_client_generate_messages_lisp
Scanning dependencies of target ros_vrpn_client_generate_messages_nodejs
[ 31%] Generating Python from MSG ros_vrpn_client/viconEstimator
[ 31%] Generating Javascript code from ros_vrpn_client/viconEstimator.msg
[ 31%] Generating EusLisp manifest code for ros_vrpn_client
[ 31%] Generating EusLisp code from ros_vrpn_client/viconEstimator.msg
[ 31%] Generating C++ code from ros_vrpn_client/viconEstimator.msg
[ 37%] Generating Lisp code from ros_vrpn_client/viconEstimator.msg
[ 37%] Built target ros_vrpn_client_generate_messages_nodejs
[ 37%] Built target ros_vrpn_client_generate_messages_lisp
[ 43%] Generating Python msg __init__.py for ros_vrpn_client
[ 43%] Built target ros_vrpn_client_generate_messages_cpp
[ 43%] Built target ros_vrpn_client_generate_messages_py
[ 43%] Built target ros_vrpn_client_generate_messages_eus
Scanning dependencies of target vicon_estimator
Scanning dependencies of target ros_vrpn_client_generate_messages
Scanning dependencies of target test_helper_library
[ 43%] Built target ros_vrpn_client_generate_messages
[ 50%] Building CXX object src/test/CMakeFiles/test_helper_library.dir/library/test_helper_library.cpp.o
[ 56%] Building CXX object CMakeFiles/vicon_estimator.dir/src/library/vicon_estimator.cpp.o
[ 62%] Building CXX object CMakeFiles/vicon_estimator.dir/src/wrapper/vicon_odometry_estimator.cpp.o
[ 68%] Linking CXX shared library /root/uav_ws/devel/.private/ros_vrpn_client/lib/libtest_helper_library.so
[ 68%] Built target test_helper_library
[ 75%] Linking CXX shared library /root/uav_ws/devel/.private/ros_vrpn_client/lib/libvicon_estimator.so
[ 75%] Built target vicon_estimator
Scanning dependencies of target vicon_estimation_node
Scanning dependencies of target ros_vrpn_client
[ 87%] Building CXX object CMakeFiles/vicon_estimation_node.dir/src/vicon_estimation_node.cpp.o
[ 87%] Building CXX object CMakeFiles/ros_vrpn_client.dir/src/ros_vrpn_client.cpp.o
[ 93%] Linking CXX executable /root/uav_ws/devel/.private/ros_vrpn_client/lib/ros_vrpn_client/ros_vrpn_client
[100%] Linking CXX executable /root/uav_ws/devel/.private/ros_vrpn_client/lib/ros_vrpn_client/vicon_estimation_node
[100%] Built target ros_vrpn_client
[100%] Built target vicon_estimation_node
