Scanning dependencies of target nav_msgs_generate_messages_eus
Scanning dependencies of target actionlib_msgs_generate_messages_lisp
Scanning dependencies of target rotors_comm_generate_messages_py
Scanning dependencies of target nav_msgs_generate_messages_cpp
Scanning dependencies of target nav_msgs_generate_messages_lisp
Scanning dependencies of target rotors_comm_generate_messages_nodejs
Scanning dependencies of target rotors_comm_generate_messages_eus
Scanning dependencies of target topic_tools_generate_messages_nodejs
Scanning dependencies of target topic_tools_generate_messages_lisp
Scanning dependencies of target topic_tools_generate_messages_eus
Scanning dependencies of target topic_tools_generate_messages_cpp
Scanning dependencies of target std_srvs_generate_messages_nodejs
Scanning dependencies of target tf2_msgs_generate_messages_py
Scanning dependencies of target std_srvs_generate_messages_lisp
Scanning dependencies of target tf2_msgs_generate_messages_nodejs
Scanning dependencies of target std_srvs_generate_messages_eus
[  0%] Built target actionlib_msgs_generate_messages_lisp
[  0%] Built target nav_msgs_generate_messages_lisp
[  0%] Built target nav_msgs_generate_messages_eus
[  0%] Built target nav_msgs_generate_messages_cpp
[  0%] Built target rotors_comm_generate_messages_eus
[  0%] Built target rotors_comm_generate_messages_py
[  0%] Built target rotors_comm_generate_messages_nodejs
[  0%] Built target topic_tools_generate_messages_lisp
[  0%] Built target std_srvs_generate_messages_nodejs
[  0%] Built target topic_tools_generate_messages_eus
[  0%] Built target topic_tools_generate_messages_cpp
[  0%] Built target topic_tools_generate_messages_nodejs
[  0%] Built target std_srvs_generate_messages_lisp
[  0%] Built target std_srvs_generate_messages_eus
[  0%] Built target tf2_msgs_generate_messages_py
[  0%] Built target tf2_msgs_generate_messages_nodejs
Scanning dependencies of target tf2_msgs_generate_messages_cpp
Scanning dependencies of target tf2_msgs_generate_messages_lisp
Scanning dependencies of target actionlib_msgs_generate_messages_py
Scanning dependencies of target trajectory_msgs_generate_messages_nodejs
Scanning dependencies of target trajectory_msgs_generate_messages_lisp
Scanning dependencies of target topic_tools_generate_messages_py
Scanning dependencies of target actionlib_generate_messages_nodejs
Scanning dependencies of target octomap_msgs_generate_messages_eus
Scanning dependencies of target rotors_comm_generate_messages_lisp
[  0%] Built target tf2_msgs_generate_messages_cpp
[  0%] Built target tf2_msgs_generate_messages_lisp
Scanning dependencies of target roscpp_generate_messages_cpp
Scanning dependencies of target mav_msgs_generate_messages_lisp
Scanning dependencies of target std_msgs_generate_messages_cpp
Scanning dependencies of target geometry_msgs_generate_messages_eus
Scanning dependencies of target std_msgs_generate_messages_nodejs
[  0%] Built target actionlib_msgs_generate_messages_py
Scanning dependencies of target trajectory_msgs_generate_messages_cpp
[  0%] Built target trajectory_msgs_generate_messages_nodejs
Scanning dependencies of target octomap_msgs_generate_messages_lisp
[  0%] Built target trajectory_msgs_generate_messages_lisp
[  0%] Built target topic_tools_generate_messages_py
[  0%] Built target actionlib_generate_messages_nodejs
[  0%] Built target octomap_msgs_generate_messages_eus
[  0%] Built target rotors_comm_generate_messages_lisp
[  0%] Built target mav_msgs_generate_messages_lisp
Scanning dependencies of target actionlib_generate_messages_py
[  0%] Built target std_msgs_generate_messages_cpp
[  0%] Built target std_msgs_generate_messages_nodejs
[  0%] Built target trajectory_msgs_generate_messages_cpp
Scanning dependencies of target geometry_msgs_generate_messages_lisp
[  0%] Built target roscpp_generate_messages_cpp
[  0%] Built target geometry_msgs_generate_messages_eus
[  0%] Built target octomap_msgs_generate_messages_lisp
Scanning dependencies of target roscpp_generate_messages_lisp
Scanning dependencies of target tf_generate_messages_cpp
Scanning dependencies of target actionlib_generate_messages_lisp
Scanning dependencies of target tf2_msgs_generate_messages_eus
Scanning dependencies of target geometry_msgs_generate_messages_py
Scanning dependencies of target sensor_msgs_generate_messages_py
Scanning dependencies of target sensor_msgs_generate_messages_nodejs
[  0%] Built target actionlib_generate_messages_py
Scanning dependencies of target std_msgs_generate_messages_lisp
Scanning dependencies of target sensor_msgs_generate_messages_lisp
Scanning dependencies of target sensor_msgs_generate_messages_eus
Scanning dependencies of target std_srvs_generate_messages_cpp
Scanning dependencies of target tf_generate_messages_eus
[  0%] Built target tf_generate_messages_cpp
[  0%] Built target geometry_msgs_generate_messages_lisp
[  0%] Built target actionlib_generate_messages_lisp
[  0%] Built target roscpp_generate_messages_lisp
[  0%] Built target tf2_msgs_generate_messages_eus
Scanning dependencies of target rosgraph_msgs_generate_messages_lisp
[  0%] Built target geometry_msgs_generate_messages_py
[  0%] Built target sensor_msgs_generate_messages_py
[  0%] Built target sensor_msgs_generate_messages_eus
[  0%] Built target sensor_msgs_generate_messages_nodejs
[  0%] Built target sensor_msgs_generate_messages_lisp
[  0%] Built target std_msgs_generate_messages_lisp
Scanning dependencies of target rosgraph_msgs_generate_messages_py
Scanning dependencies of target actionlib_msgs_generate_messages_eus
[  0%] Built target std_srvs_generate_messages_cpp
[  0%] Built target tf_generate_messages_eus
Scanning dependencies of target nav_msgs_generate_messages_nodejs
Scanning dependencies of target std_msgs_generate_messages_py
Scanning dependencies of target mav_msgs_generate_messages_py
Scanning dependencies of target sensor_msgs_generate_messages_cpp
Scanning dependencies of target mav_msgs_generate_messages_eus
Scanning dependencies of target rotors_comm_generate_messages_cpp
[  0%] Built target rosgraph_msgs_generate_messages_lisp
Scanning dependencies of target mav_msgs_generate_messages_cpp
Scanning dependencies of target geometry_msgs_generate_messages_cpp
Scanning dependencies of target geometry_msgs_generate_messages_nodejs
Scanning dependencies of target octomap_msgs_generate_messages_cpp
Scanning dependencies of target octomap_msgs_generate_messages_nodejs
Scanning dependencies of target octomap_msgs_generate_messages_py
[  0%] Built target actionlib_msgs_generate_messages_eus
[  0%] Built target rosgraph_msgs_generate_messages_py
[  0%] Built target std_msgs_generate_messages_py
[  0%] Built target nav_msgs_generate_messages_nodejs
[  0%] Built target sensor_msgs_generate_messages_cpp
[  0%] Built target mav_msgs_generate_messages_py
Scanning dependencies of target nav_msgs_generate_messages_py
[  0%] Built target rotors_comm_generate_messages_cpp
[  0%] Built target mav_msgs_generate_messages_eus
[  0%] Built target mav_msgs_generate_messages_cpp
[  0%] Built target geometry_msgs_generate_messages_cpp
[  0%] Built target octomap_msgs_generate_messages_nodejs
[  0%] Built target octomap_msgs_generate_messages_cpp
[  0%] Built target geometry_msgs_generate_messages_nodejs
[  0%] Built target octomap_msgs_generate_messages_py
Scanning dependencies of target roscpp_generate_messages_eus
Scanning dependencies of target tf_generate_messages_lisp
Scanning dependencies of target trajectory_msgs_generate_messages_eus
Scanning dependencies of target tf_generate_messages_nodejs
Scanning dependencies of target roscpp_generate_messages_py
Scanning dependencies of target std_srvs_generate_messages_py
[  0%] Built target nav_msgs_generate_messages_py
Scanning dependencies of target roscpp_generate_messages_nodejs
Scanning dependencies of target rosgraph_msgs_generate_messages_eus
Scanning dependencies of target rosgraph_msgs_generate_messages_nodejs
Scanning dependencies of target mav_msgs_generate_messages_nodejs
Scanning dependencies of target actionlib_generate_messages_cpp
Scanning dependencies of target rosgraph_msgs_generate_messages_cpp
Scanning dependencies of target actionlib_msgs_generate_messages_cpp
Scanning dependencies of target trajectory_msgs_generate_messages_py
Scanning dependencies of target actionlib_generate_messages_eus
[  0%] Built target tf_generate_messages_nodejs
[  0%] Built target tf_generate_messages_lisp
[  0%] Built target roscpp_generate_messages_py
[  0%] Built target roscpp_generate_messages_nodejs
[  0%] Built target roscpp_generate_messages_eus
[  0%] Built target trajectory_msgs_generate_messages_eus
[  0%] Built target std_srvs_generate_messages_py
[  0%] Built target rosgraph_msgs_generate_messages_eus
[  0%] Built target mav_msgs_generate_messages_nodejs
Scanning dependencies of target actionlib_msgs_generate_messages_nodejs
[  0%] Built target rosgraph_msgs_generate_messages_cpp
[  0%] Built target rosgraph_msgs_generate_messages_nodejs
[  0%] Built target actionlib_generate_messages_cpp
[  0%] Built target actionlib_msgs_generate_messages_cpp
[  0%] Built target trajectory_msgs_generate_messages_py
[  0%] Built target actionlib_generate_messages_eus
Scanning dependencies of target std_msgs_generate_messages_eus
Scanning dependencies of target tf_generate_messages_py
[  0%] Built target actionlib_msgs_generate_messages_nodejs
[  0%] Built target tf_generate_messages_py
[  0%] Built target std_msgs_generate_messages_eus
Scanning dependencies of target rotors_gazebo_bag_plugin
Scanning dependencies of target rotors_gazebo_wind_plugin
Scanning dependencies of target rotors_gazebo_octomap_plugin
Scanning dependencies of target rotors_gazebo_imu_plugin
Scanning dependencies of target rotors_gazebo_magnetometer_plugin
Scanning dependencies of target rotors_gazebo_gps_plugin
Scanning dependencies of target rotors_gazebo_controller_interface
Scanning dependencies of target rotors_gazebo_multirotor_base_plugin
Scanning dependencies of target rotors_gazebo_motor_model
Scanning dependencies of target rotors_gazebo_odometry_plugin
[  5%] Building CXX object CMakeFiles/rotors_gazebo_octomap_plugin.dir/src/gazebo_octomap_plugin.cpp.o
[ 10%] Building CXX object CMakeFiles/rotors_gazebo_bag_plugin.dir/src/gazebo_bag_plugin.cpp.o
[ 15%] Building CXX object CMakeFiles/rotors_gazebo_multirotor_base_plugin.dir/src/gazebo_multirotor_base_plugin.cpp.o
[ 20%] Building CXX object CMakeFiles/rotors_gazebo_gps_plugin.dir/src/gazebo_gps_plugin.cpp.o
[ 30%] Building CXX object CMakeFiles/rotors_gazebo_wind_plugin.dir/src/gazebo_wind_plugin.cpp.o
[ 30%] Building CXX object CMakeFiles/rotors_gazebo_controller_interface.dir/src/gazebo_controller_interface.cpp.o
[ 35%] Building CXX object CMakeFiles/rotors_gazebo_magnetometer_plugin.dir/src/gazebo_magnetometer_plugin.cpp.o
[ 45%] Building CXX object CMakeFiles/rotors_gazebo_motor_model.dir/src/gazebo_motor_model.cpp.o
[ 45%] Building CXX object CMakeFiles/rotors_gazebo_imu_plugin.dir/src/gazebo_imu_plugin.cpp.o
[ 50%] Building CXX object CMakeFiles/rotors_gazebo_odometry_plugin.dir/src/gazebo_odometry_plugin.cpp.o
In file included from /opt/ros/noetic/include/ros/assert.h:35,
                 from /opt/ros/noetic/include/ros/common.h:36,
                 from /opt/ros/noetic/include/ros/callback_queue_interface.h:39,
                 from /opt/ros/noetic/include/ros/callback_queue.h:38,
                 from /root/uav_ws/src/uav_ros_simulation/ros_packages/rotors_simulator/rotors_gazebo_plugins/include/rotors_gazebo_plugins/gazebo_motor_model.h:35,
                 from /root/uav_ws/src/uav_ros_simulation/ros_packages/rotors_simulator/rotors_gazebo_plugins/src/gazebo_motor_model.cpp:21:
/root/uav_ws/src/uav_ros_simulation/ros_packages/rotors_simulator/rotors_gazebo_plugins/src/gazebo_motor_model.cpp: In member function ‘void gazebo::GazeboMotorModel::VelocityCallback(const ActuatorsConstPtr&)’:
/root/uav_ws/src/uav_ros_simulation/ros_packages/rotors_simulator/rotors_gazebo_plugins/src/gazebo_motor_model.cpp:129:18: warning: format ‘%d’ expects argument of type ‘int’, but argument 9 has type ‘std::vector<double>::size_type’ {aka ‘long unsigned int’} [-Wformat=]
  129 |                  "You tried to access index %d of the MotorSpeed message array which is of size %d.",
      |                  ^~~~~~~~~~~~~~~~~~~~~~~~~~~~~~~~~~~~~~~~~~~~~~~~~~~~~~~~~~~~~~~~~~~~~~~~~~~~~~~~~~~
  130 |                  motor_number_, rot_velocities->angular_velocities.size());
      |                                 ~~~~~~~~~~~~~~~~~~~~~~~~~~~~~~~~~~~~~~~~~
      |                                                                        |
      |                                                                        std::vector<double>::size_type {aka long unsigned int}
/root/uav_ws/src/uav_ros_simulation/ros_packages/rotors_simulator/rotors_gazebo_plugins/src/gazebo_motor_model.cpp:129:98: note: format string is defined here
  129 |                  "You tried to access index %d of the MotorSpeed message array which is of size %d.",
      |                                                                                                 ~^
      |                                                                                                  |
      |                                                                                                  int
      |                                                                                                 %ld
[ 55%] Linking CXX shared library /root/uav_ws/devel/.private/rotors_gazebo_plugins/lib/librotors_gazebo_multirotor_base_plugin.so
[ 55%] Built target rotors_gazebo_multirotor_base_plugin
[ 60%] Linking CXX shared library /root/uav_ws/devel/.private/rotors_gazebo_plugins/lib/librotors_gazebo_gps_plugin.so
[ 65%] Linking CXX shared library /root/uav_ws/devel/.private/rotors_gazebo_plugins/lib/librotors_gazebo_imu_plugin.so
[ 70%] Linking CXX shared library /root/uav_ws/devel/.private/rotors_gazebo_plugins/lib/librotors_gazebo_magnetometer_plugin.so
[ 70%] Built target rotors_gazebo_gps_plugin
[ 70%] Built target rotors_gazebo_magnetometer_plugin
[ 70%] Built target rotors_gazebo_imu_plugin
[ 75%] Linking CXX shared library /root/uav_ws/devel/.private/rotors_gazebo_plugins/lib/librotors_gazebo_motor_model.so
[ 80%] Linking CXX shared library /root/uav_ws/devel/.private/rotors_gazebo_plugins/lib/librotors_gazebo_wind_plugin.so
[ 80%] Built target rotors_gazebo_motor_model
[ 80%] Built target rotors_gazebo_wind_plugin
[ 85%] Linking CXX shared library /root/uav_ws/devel/.private/rotors_gazebo_plugins/lib/librotors_gazebo_controller_interface.so
[ 90%] Linking CXX shared library /root/uav_ws/devel/.private/rotors_gazebo_plugins/lib/librotors_gazebo_octomap_plugin.so
[ 90%] Built target rotors_gazebo_controller_interface
[ 90%] Built target rotors_gazebo_octomap_plugin
[ 95%] Linking CXX shared library /root/uav_ws/devel/.private/rotors_gazebo_plugins/lib/librotors_gazebo_odometry_plugin.so
[ 95%] Built target rotors_gazebo_odometry_plugin
[100%] Linking CXX shared library /root/uav_ws/devel/.private/rotors_gazebo_plugins/lib/librotors_gazebo_bag_plugin.so
[100%] Built target rotors_gazebo_bag_plugin
