Symlinking /root/uav_ws/devel/lib/libreference_lib.so
Symlinking /root/uav_ws/devel/lib/libuav_pid.so
Symlinking /root/uav_ws/devel/lib/libcontrol_mpc_cvxgen.so
Symlinking /root/uav_ws/devel/lib/libuav_mpc.so
Symlinking /root/uav_ws/devel/lib/libuav_manager_nodelet.so
Symlinking /root/uav_ws/devel/lib/libuav_util.so
Symlinking /root/uav_ws/devel/lib/libcontrol_cvx_wrapper.so
Symlinking /root/uav_ws/devel/lib/pkgconfig/uav_ros_control.pc
Symlinking /root/uav_ws/devel/lib/python3/dist-packages/uav_ros_control/__init__.py
Symlinking /root/uav_ws/devel/lib/python3/dist-packages/uav_ros_control/cfg/PositionControlParametersConfig.py
Symlinking /root/uav_ws/devel/lib/python3/dist-packages/uav_ros_control/cfg/__init__.py
Symlinking /root/uav_ws/devel/lib/python3/dist-packages/uav_ros_control/cfg/DistanceControlParametersConfig.py
Symlinking /root/uav_ws/devel/lib/uav_ros_control/distance_control_node
Symlinking /root/uav_ws/devel/lib/uav_ros_control/control_manager
Symlinking /root/uav_ws/devel/lib/uav_ros_control/pid_cascade_node_px4
Symlinking /root/uav_ws/devel/lib/uav_ros_control/geo_fence_node
Symlinking /root/uav_ws/devel/lib/uav_ros_control/carrot_reference_node
Symlinking /root/uav_ws/devel/lib/uav_ros_control/pid_cascade_rotor_tilt
Symlinking /root/uav_ws/devel/lib/uav_ros_control/pid_cascade_node
Symlinking /root/uav_ws/devel/lib/uav_ros_control/pid_cascade_node_px4_yawrate
Symlinking /root/uav_ws/devel/lib/uav_ros_control/pid_cascade_node_yawrate
Symlinking /root/uav_ws/devel/share/uav_ros_control/cmake/uav_ros_controlConfig-version.cmake
Symlinking /root/uav_ws/devel/share/uav_ros_control/cmake/uav_ros_controlConfig.cmake
Symlinking /root/uav_ws/devel/share/uav_ros_control/docs/DistanceControlParametersConfig-usage.dox
Symlinking /root/uav_ws/devel/share/uav_ros_control/docs/PositionControlParametersConfig.dox
Symlinking /root/uav_ws/devel/share/uav_ros_control/docs/PositionControlParametersConfig-usage.dox
Symlinking /root/uav_ws/devel/share/uav_ros_control/docs/DistanceControlParametersConfig.wikidoc
Symlinking /root/uav_ws/devel/share/uav_ros_control/docs/DistanceControlParametersConfig.dox
Symlinking /root/uav_ws/devel/share/uav_ros_control/docs/PositionControlParametersConfig.wikidoc
Symlinking /root/uav_ws/devel/include/uav_ros_control/DistanceControlParametersConfig.h
Symlinking /root/uav_ws/devel/include/uav_ros_control/PositionControlParametersConfig.h
