[  0%] Built target mavros_msgs_generate_messages_nodejs
[  0%] Built target trajectory_msgs_generate_messages_nodejs
[  0%] Built target trajectory_msgs_generate_messages_lisp
[  0%] Built target actionlib_generate_messages_nodejs
[  0%] Built target tf2_msgs_generate_messages_nodejs
[  0%] Built target trajectory_msgs_generate_messages_cpp
[  0%] Built target tf2_msgs_generate_messages_lisp
[  0%] Built target actionlib_msgs_generate_messages_cpp
[  0%] Built target nav_msgs_generate_messages_py
[  0%] Built target nav_msgs_generate_messages_lisp
[  0%] Built target tf2_msgs_generate_messages_eus
[  0%] Built target actionlib_generate_messages_cpp
[  0%] Built target sensor_msgs_generate_messages_py
[  0%] Built target nav_msgs_generate_messages_cpp
[  0%] Built target nav_msgs_generate_messages_eus
[  0%] Built target sensor_msgs_generate_messages_nodejs
[  0%] Built target dynamic_reconfigure_generate_messages_lisp
[  0%] Built target tf2_msgs_generate_messages_cpp
[  0%] Built target geographic_msgs_generate_messages_nodejs
[  0%] Built target uav_ros_msgs_generate_messages_cpp
[  0%] Built target uav_ros_msgs_generate_messages_eus
[  0%] Built target uav_ros_msgs_generate_messages_nodejs
[  0%] Built target std_msgs_generate_messages_nodejs
[  0%] Built target nav_msgs_generate_messages_nodejs
[  0%] Built target std_msgs_generate_messages_py
[  0%] Built target diagnostic_msgs_generate_messages_py
[  0%] Built target sensor_msgs_generate_messages_cpp
[  0%] Built target std_msgs_generate_messages_cpp
[  0%] Built target actionlib_generate_messages_lisp
[  0%] Built target geometry_msgs_generate_messages_eus
[  0%] Built target std_msgs_generate_messages_lisp
[  0%] Built target roscpp_generate_messages_lisp
[  0%] Built target actionlib_msgs_generate_messages_eus
[  0%] Built target dynamic_reconfigure_generate_messages_py
[  0%] Built target uav_ros_msgs_generate_messages_py
[  0%] Built target rosgraph_msgs_generate_messages_lisp
[  0%] Built target diagnostic_msgs_generate_messages_cpp
[  0%] Built target rosgraph_msgs_generate_messages_py
[  0%] Built target roscpp_generate_messages_py
[  0%] Built target roscpp_generate_messages_cpp
[  0%] Built target dynamic_reconfigure_gencfg
[  0%] Built target trajectory_msgs_generate_messages_eus
[  0%] Built target sensor_msgs_generate_messages_lisp
[  0%] Built target sensor_msgs_generate_messages_eus
[  0%] Built target dynamic_reconfigure_generate_messages_cpp
[  0%] Built target actionlib_msgs_generate_messages_py
[  0%] Built target actionlib_msgs_generate_messages_nodejs
[  0%] Built target mavros_msgs_generate_messages_lisp
[  0%] Built target actionlib_msgs_generate_messages_lisp
[  0%] Built target uuid_msgs_generate_messages_cpp
[  0%] Built target std_msgs_generate_messages_eus
[  0%] Built target roscpp_generate_messages_eus
[  0%] Built target uuid_msgs_generate_messages_eus
[  0%] Built target actionlib_generate_messages_eus
[  0%] Built target trajectory_msgs_generate_messages_py
[  0%] Built target roscpp_generate_messages_nodejs
[  0%] Built target mavros_msgs_generate_messages_py
[  0%] Built target rosgraph_msgs_generate_messages_cpp
[  0%] Built target uav_ros_lib_gencfg
[  0%] Built target uav_ros_msgs_generate_messages_lisp
[  0%] Built target rosgraph_msgs_generate_messages_eus
[  0%] Built target geographic_msgs_generate_messages_lisp
[  0%] Built target diagnostic_msgs_generate_messages_eus
[  0%] Built target actionlib_generate_messages_py
[  0%] Built target diagnostic_msgs_generate_messages_lisp
[  0%] Built target mavros_msgs_generate_messages_eus
[  0%] Built target geometry_msgs_generate_messages_cpp
[  0%] Built target diagnostic_msgs_generate_messages_nodejs
[  0%] Built target uuid_msgs_generate_messages_lisp
[  0%] Built target geometry_msgs_generate_messages_lisp
[  0%] Built target geometry_msgs_generate_messages_nodejs
[  0%] Built target dynamic_reconfigure_generate_messages_eus
[  0%] Built target geographic_msgs_generate_messages_eus
[  0%] Built target rosgraph_msgs_generate_messages_nodejs
[  0%] Built target geometry_msgs_generate_messages_py
[  0%] Built target uuid_msgs_generate_messages_nodejs
[  0%] Built target geographic_msgs_generate_messages_cpp
[  0%] Built target geographic_msgs_generate_messages_py
[  0%] Built target uuid_msgs_generate_messages_py
[  0%] Built target tf2_msgs_generate_messages_py
[  0%] Built target dynamic_reconfigure_generate_messages_nodejs
[  0%] Built target mavros_msgs_generate_messages_cpp
[  9%] Built target control_mpc_cvxgen
[ 13%] Built target uav_ros_control_gencfg
[ 22%] Built target control_manager
[ 22%] Built target uav_util
[ 26%] Built target uav_pid
[ 30%] Built target control_cvx_wrapper
[ 33%] Built target uav_manager_nodelet
[ 41%] Built target pid_cascade_node
[ 49%] Built target pid_cascade_node_yawrate
[ 56%] Built target pid_cascade_node_px4
[ 64%] Built target pid_cascade_node_px4_yawrate
[ 71%] Built target pid_cascade_rotor_tilt
[ 81%] Built target distance_control_node
[ 88%] Built target reference_lib
[ 92%] Built target uav_mpc
[100%] Built target geo_fence_node
[100%] Built target carrot_reference_node
