Linked: (/root/uav_ws/devel/.private/uav_ros_control/lib/libreference_lib.so, /root/uav_ws/devel/lib/libreference_lib.so)
Linked: (/root/uav_ws/devel/.private/uav_ros_control/lib/libuav_pid.so, /root/uav_ws/devel/lib/libuav_pid.so)
Linked: (/root/uav_ws/devel/.private/uav_ros_control/lib/libcontrol_mpc_cvxgen.so, /root/uav_ws/devel/lib/libcontrol_mpc_cvxgen.so)
Linked: (/root/uav_ws/devel/.private/uav_ros_control/lib/libuav_mpc.so, /root/uav_ws/devel/lib/libuav_mpc.so)
Linked: (/root/uav_ws/devel/.private/uav_ros_control/lib/libuav_manager_nodelet.so, /root/uav_ws/devel/lib/libuav_manager_nodelet.so)
Linked: (/root/uav_ws/devel/.private/uav_ros_control/lib/libuav_util.so, /root/uav_ws/devel/lib/libuav_util.so)
Linked: (/root/uav_ws/devel/.private/uav_ros_control/lib/libcontrol_cvx_wrapper.so, /root/uav_ws/devel/lib/libcontrol_cvx_wrapper.so)
Linked: (/root/uav_ws/devel/.private/uav_ros_control/lib/pkgconfig/uav_ros_control.pc, /root/uav_ws/devel/lib/pkgconfig/uav_ros_control.pc)
Linked: (/root/uav_ws/devel/.private/uav_ros_control/lib/python3/dist-packages/uav_ros_control/__init__.py, /root/uav_ws/devel/lib/python3/dist-packages/uav_ros_control/__init__.py)
Linked: (/root/uav_ws/devel/.private/uav_ros_control/lib/python3/dist-packages/uav_ros_control/cfg/PositionControlParametersConfig.py, /root/uav_ws/devel/lib/python3/dist-packages/uav_ros_control/cfg/PositionControlParametersConfig.py)
Linked: (/root/uav_ws/devel/.private/uav_ros_control/lib/python3/dist-packages/uav_ros_control/cfg/__init__.py, /root/uav_ws/devel/lib/python3/dist-packages/uav_ros_control/cfg/__init__.py)
Linked: (/root/uav_ws/devel/.private/uav_ros_control/lib/python3/dist-packages/uav_ros_control/cfg/DistanceControlParametersConfig.py, /root/uav_ws/devel/lib/python3/dist-packages/uav_ros_control/cfg/DistanceControlParametersConfig.py)
Linked: (/root/uav_ws/devel/.private/uav_ros_control/lib/uav_ros_control/distance_control_node, /root/uav_ws/devel/lib/uav_ros_control/distance_control_node)
Linked: (/root/uav_ws/devel/.private/uav_ros_control/lib/uav_ros_control/control_manager, /root/uav_ws/devel/lib/uav_ros_control/control_manager)
Linked: (/root/uav_ws/devel/.private/uav_ros_control/lib/uav_ros_control/pid_cascade_node_px4, /root/uav_ws/devel/lib/uav_ros_control/pid_cascade_node_px4)
Linked: (/root/uav_ws/devel/.private/uav_ros_control/lib/uav_ros_control/geo_fence_node, /root/uav_ws/devel/lib/uav_ros_control/geo_fence_node)
Linked: (/root/uav_ws/devel/.private/uav_ros_control/lib/uav_ros_control/carrot_reference_node, /root/uav_ws/devel/lib/uav_ros_control/carrot_reference_node)
Linked: (/root/uav_ws/devel/.private/uav_ros_control/lib/uav_ros_control/pid_cascade_rotor_tilt, /root/uav_ws/devel/lib/uav_ros_control/pid_cascade_rotor_tilt)
Linked: (/root/uav_ws/devel/.private/uav_ros_control/lib/uav_ros_control/pid_cascade_node, /root/uav_ws/devel/lib/uav_ros_control/pid_cascade_node)
Linked: (/root/uav_ws/devel/.private/uav_ros_control/lib/uav_ros_control/pid_cascade_node_px4_yawrate, /root/uav_ws/devel/lib/uav_ros_control/pid_cascade_node_px4_yawrate)
Linked: (/root/uav_ws/devel/.private/uav_ros_control/lib/uav_ros_control/pid_cascade_node_yawrate, /root/uav_ws/devel/lib/uav_ros_control/pid_cascade_node_yawrate)
Linked: (/root/uav_ws/devel/.private/uav_ros_control/share/uav_ros_control/cmake/uav_ros_controlConfig-version.cmake, /root/uav_ws/devel/share/uav_ros_control/cmake/uav_ros_controlConfig-version.cmake)
Linked: (/root/uav_ws/devel/.private/uav_ros_control/share/uav_ros_control/cmake/uav_ros_controlConfig.cmake, /root/uav_ws/devel/share/uav_ros_control/cmake/uav_ros_controlConfig.cmake)
Linked: (/root/uav_ws/devel/.private/uav_ros_control/share/uav_ros_control/docs/DistanceControlParametersConfig-usage.dox, /root/uav_ws/devel/share/uav_ros_control/docs/DistanceControlParametersConfig-usage.dox)
Linked: (/root/uav_ws/devel/.private/uav_ros_control/share/uav_ros_control/docs/PositionControlParametersConfig.dox, /root/uav_ws/devel/share/uav_ros_control/docs/PositionControlParametersConfig.dox)
Linked: (/root/uav_ws/devel/.private/uav_ros_control/share/uav_ros_control/docs/PositionControlParametersConfig-usage.dox, /root/uav_ws/devel/share/uav_ros_control/docs/PositionControlParametersConfig-usage.dox)
Linked: (/root/uav_ws/devel/.private/uav_ros_control/share/uav_ros_control/docs/DistanceControlParametersConfig.wikidoc, /root/uav_ws/devel/share/uav_ros_control/docs/DistanceControlParametersConfig.wikidoc)
Linked: (/root/uav_ws/devel/.private/uav_ros_control/share/uav_ros_control/docs/DistanceControlParametersConfig.dox, /root/uav_ws/devel/share/uav_ros_control/docs/DistanceControlParametersConfig.dox)
Linked: (/root/uav_ws/devel/.private/uav_ros_control/share/uav_ros_control/docs/PositionControlParametersConfig.wikidoc, /root/uav_ws/devel/share/uav_ros_control/docs/PositionControlParametersConfig.wikidoc)
Linked: (/root/uav_ws/devel/.private/uav_ros_control/include/uav_ros_control/DistanceControlParametersConfig.h, /root/uav_ws/devel/include/uav_ros_control/DistanceControlParametersConfig.h)
Linked: (/root/uav_ws/devel/.private/uav_ros_control/include/uav_ros_control/PositionControlParametersConfig.h, /root/uav_ws/devel/include/uav_ros_control/PositionControlParametersConfig.h)
