Scanning dependencies of target _mav_msgs_generate_messages_check_deps_Status
Scanning dependencies of target std_msgs_generate_messages_eus
Scanning dependencies of target _mav_msgs_generate_messages_check_deps_GpsWaypoint
Scanning dependencies of target _mav_msgs_generate_messages_check_deps_FilteredSensorData
Scanning dependencies of target geometry_msgs_generate_messages_eus
Scanning dependencies of target _mav_msgs_generate_messages_check_deps_RateThrust
Scanning dependencies of target _mav_msgs_generate_messages_check_deps_AttitudeThrust
Scanning dependencies of target _mav_msgs_generate_messages_check_deps_TorqueThrust
Scanning dependencies of target _mav_msgs_generate_messages_check_deps_Actuators
Scanning dependencies of target std_msgs_generate_messages_py
Scanning dependencies of target geometry_msgs_generate_messages_py
Scanning dependencies of target _mav_msgs_generate_messages_check_deps_RollPitchYawrateThrust
Scanning dependencies of target std_msgs_generate_messages_cpp
Scanning dependencies of target std_msgs_generate_messages_nodejs
Scanning dependencies of target geometry_msgs_generate_messages_cpp
Scanning dependencies of target geometry_msgs_generate_messages_nodejs
[  0%] Built target geometry_msgs_generate_messages_py
[  0%] Built target geometry_msgs_generate_messages_eus
[  0%] Built target std_msgs_generate_messages_eus
[  0%] Built target std_msgs_generate_messages_py
[  0%] Built target geometry_msgs_generate_messages_nodejs
[  0%] Built target std_msgs_generate_messages_nodejs
[  0%] Built target std_msgs_generate_messages_cpp
[  0%] Built target geometry_msgs_generate_messages_cpp
Scanning dependencies of target std_msgs_generate_messages_lisp
Scanning dependencies of target geometry_msgs_generate_messages_lisp
[  0%] Built target std_msgs_generate_messages_lisp
[  0%] Built target geometry_msgs_generate_messages_lisp
[  0%] Built target _mav_msgs_generate_messages_check_deps_AttitudeThrust
[  0%] Built target _mav_msgs_generate_messages_check_deps_RollPitchYawrateThrust
[  0%] Built target _mav_msgs_generate_messages_check_deps_Status
[  0%] Built target _mav_msgs_generate_messages_check_deps_TorqueThrust
[  0%] Built target _mav_msgs_generate_messages_check_deps_GpsWaypoint
[  0%] Built target _mav_msgs_generate_messages_check_deps_Actuators
[  0%] Built target _mav_msgs_generate_messages_check_deps_FilteredSensorData
[  0%] Built target _mav_msgs_generate_messages_check_deps_RateThrust
Scanning dependencies of target mav_msgs_generate_messages_eus
Scanning dependencies of target mav_msgs_generate_messages_cpp
Scanning dependencies of target mav_msgs_generate_messages_lisp
Scanning dependencies of target mav_msgs_generate_messages_py
Scanning dependencies of target mav_msgs_generate_messages_nodejs
[  4%] Generating Lisp code from mav_msgs/Actuators.msg
[  4%] Generating C++ code from mav_msgs/Actuators.msg
[  7%] Generating EusLisp code from mav_msgs/Actuators.msg
[  9%] Generating C++ code from mav_msgs/AttitudeThrust.msg
[ 11%] Generating C++ code from mav_msgs/RateThrust.msg
[ 14%] Generating EusLisp code from mav_msgs/AttitudeThrust.msg
[ 23%] Generating C++ code from mav_msgs/RollPitchYawrateThrust.msg
[ 23%] Generating EusLisp code from mav_msgs/RateThrust.msg
[ 23%] Generating Lisp code from mav_msgs/RateThrust.msg
[ 23%] Generating Lisp code from mav_msgs/AttitudeThrust.msg
[ 28%] Generating EusLisp code from mav_msgs/TorqueThrust.msg
[ 28%] Generating EusLisp code from mav_msgs/RollPitchYawrateThrust.msg
[ 30%] Generating Lisp code from mav_msgs/RollPitchYawrateThrust.msg
[ 33%] Generating C++ code from mav_msgs/TorqueThrust.msg
[ 38%] Generating Python from MSG mav_msgs/Actuators
[ 38%] Generating Javascript code from mav_msgs/Actuators.msg
[ 40%] Generating Python from MSG mav_msgs/AttitudeThrust
[ 42%] Generating EusLisp code from mav_msgs/FilteredSensorData.msg
[ 45%] Generating Lisp code from mav_msgs/TorqueThrust.msg
[ 47%] Generating EusLisp code from mav_msgs/Status.msg
[ 50%] Generating Javascript code from mav_msgs/AttitudeThrust.msg
[ 52%] Generating Javascript code from mav_msgs/RateThrust.msg
[ 54%] Generating EusLisp code from mav_msgs/GpsWaypoint.msg
[ 57%] Generating C++ code from mav_msgs/Status.msg
[ 59%] Generating Javascript code from mav_msgs/RollPitchYawrateThrust.msg
[ 61%] Generating Javascript code from mav_msgs/TorqueThrust.msg
[ 64%] Generating C++ code from mav_msgs/FilteredSensorData.msg
[ 66%] Generating Lisp code from mav_msgs/Status.msg
[ 71%] Generating EusLisp manifest code for mav_msgs
[ 71%] Generating Javascript code from mav_msgs/Status.msg
[ 76%] Generating Lisp code from mav_msgs/FilteredSensorData.msg
[ 76%] Generating C++ code from mav_msgs/GpsWaypoint.msg
[ 78%] Generating Javascript code from mav_msgs/FilteredSensorData.msg
[ 80%] Generating Lisp code from mav_msgs/GpsWaypoint.msg
[ 83%] Generating Python from MSG mav_msgs/RateThrust
[ 85%] Generating Javascript code from mav_msgs/GpsWaypoint.msg
[ 88%] Generating Python from MSG mav_msgs/TorqueThrust
[ 90%] Generating Python from MSG mav_msgs/RollPitchYawrateThrust
[ 92%] Generating Python from MSG mav_msgs/FilteredSensorData
[ 97%] Generating Python from MSG mav_msgs/GpsWaypoint
[ 97%] Generating Python from MSG mav_msgs/Status
[ 97%] Built target mav_msgs_generate_messages_lisp
[ 97%] Built target mav_msgs_generate_messages_nodejs
[ 97%] Built target mav_msgs_generate_messages_cpp
[100%] Generating Python msg __init__.py for mav_msgs
[100%] Built target mav_msgs_generate_messages_py
[100%] Built target mav_msgs_generate_messages_eus
Scanning dependencies of target mav_msgs_generate_messages
[100%] Built target mav_msgs_generate_messages
