[  0%] Built target sensor_msgs_generate_messages_nodejs
[  0%] Built target uav_ros_msgs_generate_messages_cpp
[  6%] Built target uav_ros_tracker_gencfg
[  6%] Built target uav_ros_msgs_generate_messages_py
[  6%] Built target uav_ros_msgs_generate_messages_eus
[  6%] Built target tf2_msgs_generate_messages_lisp
[  6%] Built target trajectory_msgs_generate_messages_lisp
[  6%] Built target uav_ros_msgs_generate_messages_nodejs
[  6%] Built target trajectory_msgs_generate_messages_nodejs
[  6%] Built target actionlib_generate_messages_cpp
[  6%] Built target nav_msgs_generate_messages_lisp
[  6%] Built target actionlib_generate_messages_nodejs
[  6%] Built target tf2_msgs_generate_messages_nodejs
[  6%] Built target trajectory_msgs_generate_messages_cpp
[  6%] Built target actionlib_msgs_generate_messages_cpp
[  6%] Built target nav_msgs_generate_messages_py
[  6%] Built target dynamic_reconfigure_gencfg
[  6%] Built target std_msgs_generate_messages_cpp
[  6%] Built target actionlib_msgs_generate_messages_eus
[  6%] Built target std_msgs_generate_messages_lisp
[  6%] Built target dynamic_reconfigure_generate_messages_py
[  6%] Built target uav_ros_msgs_generate_messages_lisp
[  6%] Built target tf2_msgs_generate_messages_cpp
[  6%] Built target std_msgs_generate_messages_py
[  6%] Built target dynamic_reconfigure_generate_messages_lisp
[  6%] Built target std_msgs_generate_messages_nodejs
[  6%] Built target diagnostic_msgs_generate_messages_eus
[  6%] Built target geographic_msgs_generate_messages_nodejs
[  6%] Built target diagnostic_msgs_generate_messages_py
[  6%] Built target sensor_msgs_generate_messages_cpp
[  6%] Built target nav_msgs_generate_messages_nodejs
[  6%] Built target geometry_msgs_generate_messages_eus
[  6%] Built target actionlib_generate_messages_lisp
[  6%] Built target diagnostic_msgs_generate_messages_cpp
[  6%] Built target roscpp_generate_messages_lisp
[  6%] Built target uav_ros_lib_gencfg
[  6%] Built target trajectory_msgs_generate_messages_py
[  6%] Built target actionlib_generate_messages_eus
[  6%] Built target rosgraph_msgs_generate_messages_py
[  6%] Built target rosgraph_msgs_generate_messages_lisp
[  6%] Built target trajectory_msgs_generate_messages_eus
[  6%] Built target roscpp_generate_messages_py
[  6%] Built target rosgraph_msgs_generate_messages_cpp
[  6%] Built target roscpp_generate_messages_cpp
[  6%] Built target dynamic_reconfigure_generate_messages_cpp
[  6%] Built target actionlib_msgs_generate_messages_py
[  6%] Built target mavros_msgs_generate_messages_lisp
[  6%] Built target actionlib_msgs_generate_messages_nodejs
[  6%] Built target actionlib_msgs_generate_messages_lisp
[  6%] Built target uuid_msgs_generate_messages_cpp
[  6%] Built target std_msgs_generate_messages_eus
[  6%] Built target mavros_msgs_generate_messages_py
[  6%] Built target uuid_msgs_generate_messages_eus
[  6%] Built target rosgraph_msgs_generate_messages_eus
[  6%] Built target roscpp_generate_messages_eus
[  6%] Built target roscpp_generate_messages_nodejs
[  6%] Built target geographic_msgs_generate_messages_lisp
[  6%] Built target nav_msgs_generate_messages_cpp
[  6%] Built target diagnostic_msgs_generate_messages_lisp
[  6%] Built target actionlib_generate_messages_py
[  6%] Built target nav_msgs_generate_messages_eus
[  6%] Built target uuid_msgs_generate_messages_lisp
[  6%] Built target diagnostic_msgs_generate_messages_nodejs
[  6%] Built target mavros_msgs_generate_messages_eus
[  6%] Built target geometry_msgs_generate_messages_cpp
[  6%] Built target geometry_msgs_generate_messages_lisp
[  6%] Built target dynamic_reconfigure_generate_messages_eus
[  6%] Built target geometry_msgs_generate_messages_py
[  6%] Built target sensor_msgs_generate_messages_py
[  6%] Built target geometry_msgs_generate_messages_nodejs
[  6%] Built target geographic_msgs_generate_messages_cpp
[  6%] Built target geographic_msgs_generate_messages_eus
[  6%] Built target sensor_msgs_generate_messages_lisp
[  6%] Built target tf2_msgs_generate_messages_eus
[  6%] Built target sensor_msgs_generate_messages_eus
[  6%] Built target rosgraph_msgs_generate_messages_nodejs
[  6%] Built target geographic_msgs_generate_messages_py
[  6%] Built target uuid_msgs_generate_messages_py
[  6%] Built target uuid_msgs_generate_messages_nodejs
[  6%] Built target tf2_msgs_generate_messages_py
[  6%] Built target dynamic_reconfigure_generate_messages_nodejs
[  6%] Built target mavros_msgs_generate_messages_cpp
[  6%] Built target mavros_msgs_generate_messages_nodejs
[ 40%] Built target mpc_cvxgen
[ 53%] Built target waypoint_publisher
[ 66%] Built target mpc_wrapper
[ 80%] Built target waypoint_manager_nodelet
[100%] Built target mpc_tracker
