Scanning dependencies of target sensor_msgs_generate_messages_nodejs
Scanning dependencies of target sensor_msgs_generate_messages_eus
Scanning dependencies of target roscpp_generate_messages_cpp
Scanning dependencies of target sensor_msgs_generate_messages_lisp
Scanning dependencies of target geometry_msgs_generate_messages_cpp
Scanning dependencies of target sensor_msgs_generate_messages_py
Scanning dependencies of target geometry_msgs_generate_messages_py
Scanning dependencies of target geometry_msgs_generate_messages_eus
Scanning dependencies of target std_msgs_generate_messages_nodejs
Scanning dependencies of target mav_msgs_generate_messages_nodejs
Scanning dependencies of target roscpp_generate_messages_lisp
Scanning dependencies of target sensor_msgs_generate_messages_cpp
Scanning dependencies of target trajectory_msgs_generate_messages_lisp
Scanning dependencies of target gazebo_msgs_generate_messages_nodejs
Scanning dependencies of target trajectory_msgs_generate_messages_nodejs
Scanning dependencies of target std_msgs_generate_messages_py
[  0%] Built target roscpp_generate_messages_cpp
[  0%] Built target sensor_msgs_generate_messages_lisp
[  0%] Built target sensor_msgs_generate_messages_nodejs
[  0%] Built target sensor_msgs_generate_messages_eus
[  0%] Built target geometry_msgs_generate_messages_py
[  0%] Built target std_msgs_generate_messages_nodejs
[  0%] Built target sensor_msgs_generate_messages_py
[  0%] Built target geometry_msgs_generate_messages_eus
[  0%] Built target geometry_msgs_generate_messages_cpp
[  0%] Built target mav_msgs_generate_messages_nodejs
[  0%] Built target roscpp_generate_messages_lisp
[  0%] Built target trajectory_msgs_generate_messages_lisp
[  0%] Built target gazebo_msgs_generate_messages_nodejs
[  0%] Built target sensor_msgs_generate_messages_cpp
[  0%] Built target std_msgs_generate_messages_py
[  0%] Built target trajectory_msgs_generate_messages_nodejs
Scanning dependencies of target gazebo_msgs_generate_messages_cpp
Scanning dependencies of target mav_msgs_generate_messages_lisp
Scanning dependencies of target rosgraph_msgs_generate_messages_py
Scanning dependencies of target gazebo_msgs_generate_messages_py
Scanning dependencies of target rosgraph_msgs_generate_messages_lisp
Scanning dependencies of target geometry_msgs_generate_messages_lisp
Scanning dependencies of target std_msgs_generate_messages_cpp
Scanning dependencies of target std_msgs_generate_messages_eus
Scanning dependencies of target trajectory_msgs_generate_messages_cpp
Scanning dependencies of target std_srvs_generate_messages_cpp
Scanning dependencies of target gazebo_msgs_generate_messages_lisp
Scanning dependencies of target std_srvs_generate_messages_nodejs
Scanning dependencies of target std_srvs_generate_messages_eus
Scanning dependencies of target std_msgs_generate_messages_lisp
Scanning dependencies of target std_srvs_generate_messages_lisp
Scanning dependencies of target rosgraph_msgs_generate_messages_eus
[  0%] Built target gazebo_msgs_generate_messages_py
[  0%] Built target gazebo_msgs_generate_messages_cpp
[  0%] Built target rosgraph_msgs_generate_messages_py
[  0%] Built target mav_msgs_generate_messages_lisp
[  0%] Built target rosgraph_msgs_generate_messages_lisp
[  0%] Built target std_msgs_generate_messages_cpp
[  0%] Built target trajectory_msgs_generate_messages_cpp
[  0%] Built target geometry_msgs_generate_messages_lisp
[  0%] Built target std_msgs_generate_messages_eus
[  0%] Built target std_srvs_generate_messages_cpp
[  0%] Built target std_srvs_generate_messages_eus
[  0%] Built target gazebo_msgs_generate_messages_lisp
[  0%] Built target std_msgs_generate_messages_lisp
[  0%] Built target std_srvs_generate_messages_lisp
[  0%] Built target rosgraph_msgs_generate_messages_eus
[  0%] Built target std_srvs_generate_messages_nodejs
Scanning dependencies of target trajectory_msgs_generate_messages_py
Scanning dependencies of target rosgraph_msgs_generate_messages_cpp
Scanning dependencies of target std_srvs_generate_messages_py
Scanning dependencies of target mav_msgs_generate_messages_eus
Scanning dependencies of target mav_msgs_generate_messages_cpp
Scanning dependencies of target geometry_msgs_generate_messages_nodejs
Scanning dependencies of target gazebo_msgs_generate_messages_eus
Scanning dependencies of target mav_msgs_generate_messages_py
Scanning dependencies of target roscpp_generate_messages_nodejs
Scanning dependencies of target roscpp_generate_messages_eus
Scanning dependencies of target roscpp_generate_messages_py
Scanning dependencies of target trajectory_msgs_generate_messages_eus
Scanning dependencies of target rosgraph_msgs_generate_messages_nodejs
[  0%] Built target std_srvs_generate_messages_py
[  0%] Built target trajectory_msgs_generate_messages_py
[  0%] Built target rosgraph_msgs_generate_messages_cpp
[  0%] Built target mav_msgs_generate_messages_eus
[  0%] Built target mav_msgs_generate_messages_cpp
[  0%] Built target mav_msgs_generate_messages_py
[  0%] Built target geometry_msgs_generate_messages_nodejs
[  0%] Built target roscpp_generate_messages_nodejs
[  0%] Built target gazebo_msgs_generate_messages_eus
[  0%] Built target roscpp_generate_messages_eus
[  0%] Built target roscpp_generate_messages_py
[  0%] Built target rosgraph_msgs_generate_messages_nodejs
[  0%] Built target trajectory_msgs_generate_messages_eus
Scanning dependencies of target waypoint_publisher_file
Scanning dependencies of target waypoint_publisher
Scanning dependencies of target hovering_example
[ 50%] Building CXX object CMakeFiles/waypoint_publisher_file.dir/src/waypoint_publisher_file.cpp.o
[ 50%] Building CXX object CMakeFiles/hovering_example.dir/src/hovering_example.cpp.o
[ 50%] Building CXX object CMakeFiles/waypoint_publisher.dir/src/waypoint_publisher.cpp.o
[ 66%] Linking CXX executable /root/uav_ws/devel/.private/rotors_gazebo/lib/rotors_gazebo/waypoint_publisher
[ 83%] Linking CXX executable /root/uav_ws/devel/.private/rotors_gazebo/lib/rotors_gazebo/hovering_example
[ 83%] Built target waypoint_publisher
[ 83%] Built target hovering_example
[100%] Linking CXX executable /root/uav_ws/devel/.private/rotors_gazebo/lib/rotors_gazebo/waypoint_publisher_file
[100%] Built target waypoint_publisher_file
