Scanning dependencies of target std_msgs_generate_messages_lisp
Scanning dependencies of target std_msgs_generate_messages_eus
Scanning dependencies of target std_msgs_generate_messages_nodejs
Scanning dependencies of target _velodyne_msgs_generate_messages_check_deps_VelodyneScan
Scanning dependencies of target _velodyne_msgs_generate_messages_check_deps_VelodynePacket
Scanning dependencies of target std_msgs_generate_messages_py
Scanning dependencies of target std_msgs_generate_messages_cpp
[  0%] Built target std_msgs_generate_messages_lisp
[  0%] Built target std_msgs_generate_messages_nodejs
[  0%] Built target std_msgs_generate_messages_eus
[  0%] Built target std_msgs_generate_messages_cpp
[  0%] Built target std_msgs_generate_messages_py
[  0%] Built target _velodyne_msgs_generate_messages_check_deps_VelodynePacket
[  0%] Built target _velodyne_msgs_generate_messages_check_deps_VelodyneScan
Scanning dependencies of target velodyne_msgs_generate_messages_eus
Scanning dependencies of target velodyne_msgs_generate_messages_py
Scanning dependencies of target velodyne_msgs_generate_messages_cpp
Scanning dependencies of target velodyne_msgs_generate_messages_lisp
Scanning dependencies of target velodyne_msgs_generate_messages_nodejs
[ 33%] Generating EusLisp manifest code for velodyne_msgs
[ 33%] Generating C++ code from velodyne_msgs/VelodyneScan.msg
[ 33%] Generating C++ code from velodyne_msgs/VelodynePacket.msg
[ 33%] Generating Python from MSG velodyne_msgs/VelodynePacket
[ 50%] Generating EusLisp code from velodyne_msgs/VelodyneScan.msg
[ 50%] Generating EusLisp code from velodyne_msgs/VelodynePacket.msg
[ 58%] Generating Python from MSG velodyne_msgs/VelodyneScan
[ 66%] Generating Javascript code from velodyne_msgs/VelodyneScan.msg
[ 75%] Generating Javascript code from velodyne_msgs/VelodynePacket.msg
[ 83%] Generating Lisp code from velodyne_msgs/VelodynePacket.msg
[ 91%] Generating Lisp code from velodyne_msgs/VelodyneScan.msg
[ 91%] Built target velodyne_msgs_generate_messages_nodejs
[ 91%] Built target velodyne_msgs_generate_messages_lisp
[100%] Generating Python msg __init__.py for velodyne_msgs
[100%] Built target velodyne_msgs_generate_messages_cpp
[100%] Built target velodyne_msgs_generate_messages_py
[100%] Built target velodyne_msgs_generate_messages_eus
Scanning dependencies of target velodyne_msgs_generate_messages
[100%] Built target velodyne_msgs_generate_messages
