Scanning dependencies of target rplidarNodeClient
Scanning dependencies of target rplidarNode
[  7%] Building CXX object CMakeFiles/rplidarNodeClient.dir/src/client.cpp.o
[ 21%] Building CXX object CMakeFiles/rplidarNode.dir/sdk/src/arch/linux/timer.cpp.o
[ 21%] Building CXX object CMakeFiles/rplidarNode.dir/sdk/src/arch/linux/net_serial.cpp.o
[ 35%] Building CXX object CMakeFiles/rplidarNode.dir/src/node.cpp.o
[ 35%] Building CXX object CMakeFiles/rplidarNode.dir/sdk/src/rplidar_driver.cpp.o
[ 50%] Building CXX object CMakeFiles/rplidarNode.dir/sdk/src/sl_udp_channel.cpp.o
[ 50%] Building CXX object CMakeFiles/rplidarNode.dir/sdk/src/sl_lidar_driver.cpp.o
[ 57%] Building CXX object CMakeFiles/rplidarNode.dir/sdk/src/sl_crc.cpp.o
[ 64%] Building CXX object CMakeFiles/rplidarNode.dir/sdk/src/sl_serial_channel.cpp.o
[ 71%] Building CXX object CMakeFiles/rplidarNode.dir/sdk/src/sl_tcp_channel.cpp.o
[ 78%] Building CXX object CMakeFiles/rplidarNode.dir/sdk/src/hal/thread.cpp.o
[ 85%] Building CXX object CMakeFiles/rplidarNode.dir/sdk/src/arch/linux/net_socket.cpp.o
/root/uav_ws/src/uav_ros_simulation/ros_packages/uav_ros_stack/ros_packages/uav_ros_drivers/ros_packages/rplidar_ros/sdk/src/sl_tcp_channel.cpp:33:9: warning: #pragma once in main file
   33 | #pragma once
      |         ^~~~
/root/uav_ws/src/uav_ros_simulation/ros_packages/uav_ros_stack/ros_packages/uav_ros_drivers/ros_packages/rplidar_ros/sdk/src/sl_udp_channel.cpp:33:9: warning: #pragma once in main file
   33 | #pragma once
      |         ^~~~
/root/uav_ws/src/uav_ros_simulation/ros_packages/uav_ros_stack/ros_packages/uav_ros_drivers/ros_packages/rplidar_ros/sdk/src/sl_serial_channel.cpp:33:9: warning: #pragma once in main file
   33 | #pragma once
      |         ^~~~
/root/uav_ws/src/uav_ros_simulation/ros_packages/uav_ros_stack/ros_packages/uav_ros_drivers/ros_packages/rplidar_ros/sdk/src/arch/linux/net_serial.cpp: In member function ‘virtual void rp::arch::net::raw_serial::cancelOperation()’:
/root/uav_ws/src/uav_ros_simulation/ros_packages/uav_ros_stack/ros_packages/uav_ros_drivers/ros_packages/rplidar_ros/sdk/src/arch/linux/net_serial.cpp:428:12: warning: ignoring return value of ‘ssize_t write(int, const void*, size_t)’, declared with attribute warn_unused_result [-Wunused-result]
  428 |     ::write(_selfpipe[1], "x", 1);
      |     ~~~~~~~^~~~~~~~~~~~~~~~~~~~~~
/root/uav_ws/src/uav_ros_simulation/ros_packages/uav_ros_stack/ros_packages/uav_ros_drivers/ros_packages/rplidar_ros/src/node.cpp: In function ‘bool checkRPLIDARHealth(sl::ILidarDriver*)’:
/root/uav_ws/src/uav_ros_simulation/ros_packages/uav_ros_stack/ros_packages/uav_ros_drivers/ros_packages/rplidar_ros/src/node.cpp:172:1: warning: control reaches end of non-void function [-Wreturn-type]
  172 | }
      | ^
[ 92%] Linking CXX executable /root/uav_ws/devel/.private/rplidar_ros/lib/rplidar_ros/rplidarNodeClient
[ 92%] Built target rplidarNodeClient
[100%] Linking CXX executable /root/uav_ws/devel/.private/rplidar_ros/lib/rplidar_ros/rplidarNode
[100%] Built target rplidarNode
