Scanning dependencies of target roscpp_generate_messages_cpp
Scanning dependencies of target trajectory_msgs_generate_messages_nodejs
Scanning dependencies of target nav_msgs_generate_messages_eus
Scanning dependencies of target trajectory_msgs_generate_messages_lisp
Scanning dependencies of target mav_msgs_generate_messages_nodejs
Scanning dependencies of target sensor_msgs_generate_messages_nodejs
Scanning dependencies of target mav_msgs_generate_messages_py
Scanning dependencies of target std_msgs_generate_messages_py
Scanning dependencies of target rosgraph_msgs_generate_messages_lisp
Scanning dependencies of target mav_msgs_generate_messages_lisp
Scanning dependencies of target actionlib_msgs_generate_messages_eus
Scanning dependencies of target std_msgs_generate_messages_cpp
Scanning dependencies of target nav_msgs_generate_messages_lisp
Scanning dependencies of target std_msgs_generate_messages_nodejs
Scanning dependencies of target geometry_msgs_generate_messages_eus
Scanning dependencies of target nav_msgs_generate_messages_cpp
[  0%] Built target mav_msgs_generate_messages_py
[  0%] Built target std_msgs_generate_messages_py
[  0%] Built target trajectory_msgs_generate_messages_nodejs
[  0%] Built target nav_msgs_generate_messages_eus
[  0%] Built target mav_msgs_generate_messages_nodejs
[  0%] Built target trajectory_msgs_generate_messages_lisp
[  0%] Built target sensor_msgs_generate_messages_nodejs
[  0%] Built target roscpp_generate_messages_cpp
[  0%] Built target mav_msgs_generate_messages_lisp
[  0%] Built target std_msgs_generate_messages_cpp
[  0%] Built target rosgraph_msgs_generate_messages_lisp
[  0%] Built target actionlib_msgs_generate_messages_eus
[  0%] Built target std_msgs_generate_messages_nodejs
[  0%] Built target geometry_msgs_generate_messages_eus
[  0%] Built target nav_msgs_generate_messages_lisp
[  0%] Built target nav_msgs_generate_messages_cpp
Scanning dependencies of target geometry_msgs_generate_messages_cpp
Scanning dependencies of target rosgraph_msgs_generate_messages_eus
Scanning dependencies of target geometry_msgs_generate_messages_py
Scanning dependencies of target sensor_msgs_generate_messages_py
Scanning dependencies of target roscpp_generate_messages_lisp
Scanning dependencies of target rosgraph_msgs_generate_messages_py
Scanning dependencies of target geometry_msgs_generate_messages_lisp
Scanning dependencies of target trajectory_msgs_generate_messages_cpp
Scanning dependencies of target nav_msgs_generate_messages_py
Scanning dependencies of target actionlib_msgs_generate_messages_nodejs
Scanning dependencies of target std_msgs_generate_messages_eus
Scanning dependencies of target geometry_msgs_generate_messages_nodejs
Scanning dependencies of target actionlib_msgs_generate_messages_lisp
Scanning dependencies of target mav_msgs_generate_messages_eus
Scanning dependencies of target mav_msgs_generate_messages_cpp
Scanning dependencies of target std_msgs_generate_messages_lisp
[  0%] Built target geometry_msgs_generate_messages_cpp
[  0%] Built target rosgraph_msgs_generate_messages_eus
[  0%] Built target geometry_msgs_generate_messages_py
[  0%] Built target geometry_msgs_generate_messages_lisp
[  0%] Built target sensor_msgs_generate_messages_py
[  0%] Built target roscpp_generate_messages_lisp
[  0%] Built target nav_msgs_generate_messages_py
[  0%] Built target trajectory_msgs_generate_messages_cpp
[  0%] Built target rosgraph_msgs_generate_messages_py
[  0%] Built target actionlib_msgs_generate_messages_lisp
[  0%] Built target actionlib_msgs_generate_messages_nodejs
[  0%] Built target std_msgs_generate_messages_eus
[  0%] Built target geometry_msgs_generate_messages_nodejs
[  0%] Built target mav_msgs_generate_messages_cpp
[  0%] Built target mav_msgs_generate_messages_eus
[  0%] Built target std_msgs_generate_messages_lisp
Scanning dependencies of target rosgraph_msgs_generate_messages_nodejs
Scanning dependencies of target actionlib_msgs_generate_messages_cpp
Scanning dependencies of target roscpp_generate_messages_eus
Scanning dependencies of target trajectory_msgs_generate_messages_eus
Scanning dependencies of target actionlib_msgs_generate_messages_py
Scanning dependencies of target roscpp_generate_messages_nodejs
Scanning dependencies of target roscpp_generate_messages_py
Scanning dependencies of target trajectory_msgs_generate_messages_py
Scanning dependencies of target nav_msgs_generate_messages_nodejs
Scanning dependencies of target sensor_msgs_generate_messages_cpp
Scanning dependencies of target sensor_msgs_generate_messages_eus
Scanning dependencies of target sensor_msgs_generate_messages_lisp
Scanning dependencies of target rosgraph_msgs_generate_messages_cpp
[  0%] Built target roscpp_generate_messages_eus
[  0%] Built target roscpp_generate_messages_nodejs
[  0%] Built target rosgraph_msgs_generate_messages_nodejs
[  0%] Built target actionlib_msgs_generate_messages_cpp
[  0%] Built target actionlib_msgs_generate_messages_py
[  0%] Built target trajectory_msgs_generate_messages_py
[  0%] Built target trajectory_msgs_generate_messages_eus
[  0%] Built target roscpp_generate_messages_py
[  0%] Built target nav_msgs_generate_messages_nodejs
[  0%] Built target sensor_msgs_generate_messages_lisp
[  0%] Built target rosgraph_msgs_generate_messages_cpp
[  0%] Built target sensor_msgs_generate_messages_eus
[  0%] Built target sensor_msgs_generate_messages_cpp
Scanning dependencies of target roll_pitch_yawrate_thrust_controller
Scanning dependencies of target lee_position_controller
[ 25%] Building CXX object CMakeFiles/roll_pitch_yawrate_thrust_controller.dir/src/library/roll_pitch_yawrate_thrust_controller.cpp.o
[ 25%] Building CXX object CMakeFiles/lee_position_controller.dir/src/library/lee_position_controller.cpp.o
[ 37%] Linking CXX shared library /root/uav_ws/devel/.private/rotors_control/lib/libroll_pitch_yawrate_thrust_controller.so
[ 37%] Built target roll_pitch_yawrate_thrust_controller
Scanning dependencies of target roll_pitch_yawrate_thrust_controller_node
[ 50%] Building CXX object CMakeFiles/roll_pitch_yawrate_thrust_controller_node.dir/src/nodes/roll_pitch_yawrate_thrust_controller_node.cpp.o
[ 62%] Linking CXX shared library /root/uav_ws/devel/.private/rotors_control/lib/liblee_position_controller.so
[ 62%] Built target lee_position_controller
Scanning dependencies of target lee_position_controller_node
[ 75%] Building CXX object CMakeFiles/lee_position_controller_node.dir/src/nodes/lee_position_controller_node.cpp.o
[ 87%] Linking CXX executable /root/uav_ws/devel/.private/rotors_control/lib/rotors_control/roll_pitch_yawrate_thrust_controller_node
[ 87%] Built target roll_pitch_yawrate_thrust_controller_node
[100%] Linking CXX executable /root/uav_ws/devel/.private/rotors_control/lib/rotors_control/lee_position_controller_node
[100%] Built target lee_position_controller_node
