Symlinking /root/uav_ws/devel/lib/libouster_ros.a
Symlinking /root/uav_ws/devel/lib/pkgconfig/ouster_ros.pc
Symlinking /root/uav_ws/devel/lib/python3/dist-packages/ouster_ros/__init__.py
Symlinking /root/uav_ws/devel/lib/python3/dist-packages/ouster_ros/srv/_OSConfigSrv.py
Symlinking /root/uav_ws/devel/lib/python3/dist-packages/ouster_ros/srv/__init__.py
Symlinking /root/uav_ws/devel/lib/python3/dist-packages/ouster_ros/msg/__init__.py
Symlinking /root/uav_ws/devel/lib/python3/dist-packages/ouster_ros/msg/_PacketMsg.py
Symlinking /root/uav_ws/devel/lib/ouster_ros/img_node
Symlinking /root/uav_ws/devel/lib/ouster_ros/os_node
Symlinking /root/uav_ws/devel/lib/ouster_ros/viz_node
Symlinking /root/uav_ws/devel/lib/ouster_ros/os_cloud_node
Symlinking /root/uav_ws/devel/share/gennodejs/ros/ouster_ros/_index.js
Symlinking /root/uav_ws/devel/share/gennodejs/ros/ouster_ros/srv/OSConfigSrv.js
Symlinking /root/uav_ws/devel/share/gennodejs/ros/ouster_ros/srv/_index.js
Symlinking /root/uav_ws/devel/share/gennodejs/ros/ouster_ros/msg/PacketMsg.js
Symlinking /root/uav_ws/devel/share/gennodejs/ros/ouster_ros/msg/_index.js
Symlinking /root/uav_ws/devel/share/ouster_ros/cmake/ouster_rosConfig.cmake
Symlinking /root/uav_ws/devel/share/ouster_ros/cmake/ouster_ros-msg-extras.cmake
Symlinking /root/uav_ws/devel/share/ouster_ros/cmake/ouster_ros-msg-paths.cmake
Symlinking /root/uav_ws/devel/share/ouster_ros/cmake/ouster_rosConfig-version.cmake
Symlinking /root/uav_ws/devel/share/common-lisp/ros/ouster_ros/srv/ouster_ros-srv.asd
Symlinking /root/uav_ws/devel/share/common-lisp/ros/ouster_ros/srv/OSConfigSrv.lisp
Symlinking /root/uav_ws/devel/share/common-lisp/ros/ouster_ros/srv/_package.lisp
Symlinking /root/uav_ws/devel/share/common-lisp/ros/ouster_ros/srv/_package_OSConfigSrv.lisp
Symlinking /root/uav_ws/devel/share/common-lisp/ros/ouster_ros/msg/ouster_ros-msg.asd
Symlinking /root/uav_ws/devel/share/common-lisp/ros/ouster_ros/msg/_package.lisp
Symlinking /root/uav_ws/devel/share/common-lisp/ros/ouster_ros/msg/PacketMsg.lisp
Symlinking /root/uav_ws/devel/share/common-lisp/ros/ouster_ros/msg/_package_PacketMsg.lisp
Symlinking /root/uav_ws/devel/share/roseus/ros/ouster_ros/manifest.l
Symlinking /root/uav_ws/devel/share/roseus/ros/ouster_ros/srv/OSConfigSrv.l
Symlinking /root/uav_ws/devel/share/roseus/ros/ouster_ros/msg/PacketMsg.l
Symlinking /root/uav_ws/devel/include/ouster_ros/OSConfigSrv.h
Symlinking /root/uav_ws/devel/include/ouster_ros/PacketMsg.h
Symlinking /root/uav_ws/devel/include/ouster_ros/OSConfigSrvRequest.h
Symlinking /root/uav_ws/devel/include/ouster_ros/OSConfigSrvResponse.h
