Linked: (/root/uav_ws/devel/.private/ouster_ros/lib/libouster_ros.a, /root/uav_ws/devel/lib/libouster_ros.a)
Linked: (/root/uav_ws/devel/.private/ouster_ros/lib/pkgconfig/ouster_ros.pc, /root/uav_ws/devel/lib/pkgconfig/ouster_ros.pc)
Linked: (/root/uav_ws/devel/.private/ouster_ros/lib/python3/dist-packages/ouster_ros/__init__.py, /root/uav_ws/devel/lib/python3/dist-packages/ouster_ros/__init__.py)
Linked: (/root/uav_ws/devel/.private/ouster_ros/lib/python3/dist-packages/ouster_ros/srv/_OSConfigSrv.py, /root/uav_ws/devel/lib/python3/dist-packages/ouster_ros/srv/_OSConfigSrv.py)
Linked: (/root/uav_ws/devel/.private/ouster_ros/lib/python3/dist-packages/ouster_ros/srv/__init__.py, /root/uav_ws/devel/lib/python3/dist-packages/ouster_ros/srv/__init__.py)
Linked: (/root/uav_ws/devel/.private/ouster_ros/lib/python3/dist-packages/ouster_ros/msg/__init__.py, /root/uav_ws/devel/lib/python3/dist-packages/ouster_ros/msg/__init__.py)
Linked: (/root/uav_ws/devel/.private/ouster_ros/lib/python3/dist-packages/ouster_ros/msg/_PacketMsg.py, /root/uav_ws/devel/lib/python3/dist-packages/ouster_ros/msg/_PacketMsg.py)
Linked: (/root/uav_ws/devel/.private/ouster_ros/lib/ouster_ros/img_node, /root/uav_ws/devel/lib/ouster_ros/img_node)
Linked: (/root/uav_ws/devel/.private/ouster_ros/lib/ouster_ros/os_node, /root/uav_ws/devel/lib/ouster_ros/os_node)
Linked: (/root/uav_ws/devel/.private/ouster_ros/lib/ouster_ros/viz_node, /root/uav_ws/devel/lib/ouster_ros/viz_node)
Linked: (/root/uav_ws/devel/.private/ouster_ros/lib/ouster_ros/os_cloud_node, /root/uav_ws/devel/lib/ouster_ros/os_cloud_node)
Linked: (/root/uav_ws/devel/.private/ouster_ros/share/gennodejs/ros/ouster_ros/_index.js, /root/uav_ws/devel/share/gennodejs/ros/ouster_ros/_index.js)
Linked: (/root/uav_ws/devel/.private/ouster_ros/share/gennodejs/ros/ouster_ros/srv/OSConfigSrv.js, /root/uav_ws/devel/share/gennodejs/ros/ouster_ros/srv/OSConfigSrv.js)
Linked: (/root/uav_ws/devel/.private/ouster_ros/share/gennodejs/ros/ouster_ros/srv/_index.js, /root/uav_ws/devel/share/gennodejs/ros/ouster_ros/srv/_index.js)
Linked: (/root/uav_ws/devel/.private/ouster_ros/share/gennodejs/ros/ouster_ros/msg/PacketMsg.js, /root/uav_ws/devel/share/gennodejs/ros/ouster_ros/msg/PacketMsg.js)
Linked: (/root/uav_ws/devel/.private/ouster_ros/share/gennodejs/ros/ouster_ros/msg/_index.js, /root/uav_ws/devel/share/gennodejs/ros/ouster_ros/msg/_index.js)
Linked: (/root/uav_ws/devel/.private/ouster_ros/share/ouster_ros/cmake/ouster_rosConfig.cmake, /root/uav_ws/devel/share/ouster_ros/cmake/ouster_rosConfig.cmake)
Linked: (/root/uav_ws/devel/.private/ouster_ros/share/ouster_ros/cmake/ouster_ros-msg-extras.cmake, /root/uav_ws/devel/share/ouster_ros/cmake/ouster_ros-msg-extras.cmake)
Linked: (/root/uav_ws/devel/.private/ouster_ros/share/ouster_ros/cmake/ouster_ros-msg-paths.cmake, /root/uav_ws/devel/share/ouster_ros/cmake/ouster_ros-msg-paths.cmake)
Linked: (/root/uav_ws/devel/.private/ouster_ros/share/ouster_ros/cmake/ouster_rosConfig-version.cmake, /root/uav_ws/devel/share/ouster_ros/cmake/ouster_rosConfig-version.cmake)
Linked: (/root/uav_ws/devel/.private/ouster_ros/share/common-lisp/ros/ouster_ros/srv/ouster_ros-srv.asd, /root/uav_ws/devel/share/common-lisp/ros/ouster_ros/srv/ouster_ros-srv.asd)
Linked: (/root/uav_ws/devel/.private/ouster_ros/share/common-lisp/ros/ouster_ros/srv/OSConfigSrv.lisp, /root/uav_ws/devel/share/common-lisp/ros/ouster_ros/srv/OSConfigSrv.lisp)
Linked: (/root/uav_ws/devel/.private/ouster_ros/share/common-lisp/ros/ouster_ros/srv/_package.lisp, /root/uav_ws/devel/share/common-lisp/ros/ouster_ros/srv/_package.lisp)
Linked: (/root/uav_ws/devel/.private/ouster_ros/share/common-lisp/ros/ouster_ros/srv/_package_OSConfigSrv.lisp, /root/uav_ws/devel/share/common-lisp/ros/ouster_ros/srv/_package_OSConfigSrv.lisp)
Linked: (/root/uav_ws/devel/.private/ouster_ros/share/common-lisp/ros/ouster_ros/msg/ouster_ros-msg.asd, /root/uav_ws/devel/share/common-lisp/ros/ouster_ros/msg/ouster_ros-msg.asd)
Linked: (/root/uav_ws/devel/.private/ouster_ros/share/common-lisp/ros/ouster_ros/msg/_package.lisp, /root/uav_ws/devel/share/common-lisp/ros/ouster_ros/msg/_package.lisp)
Linked: (/root/uav_ws/devel/.private/ouster_ros/share/common-lisp/ros/ouster_ros/msg/PacketMsg.lisp, /root/uav_ws/devel/share/common-lisp/ros/ouster_ros/msg/PacketMsg.lisp)
Linked: (/root/uav_ws/devel/.private/ouster_ros/share/common-lisp/ros/ouster_ros/msg/_package_PacketMsg.lisp, /root/uav_ws/devel/share/common-lisp/ros/ouster_ros/msg/_package_PacketMsg.lisp)
Linked: (/root/uav_ws/devel/.private/ouster_ros/share/roseus/ros/ouster_ros/manifest.l, /root/uav_ws/devel/share/roseus/ros/ouster_ros/manifest.l)
Linked: (/root/uav_ws/devel/.private/ouster_ros/share/roseus/ros/ouster_ros/srv/OSConfigSrv.l, /root/uav_ws/devel/share/roseus/ros/ouster_ros/srv/OSConfigSrv.l)
Linked: (/root/uav_ws/devel/.private/ouster_ros/share/roseus/ros/ouster_ros/msg/PacketMsg.l, /root/uav_ws/devel/share/roseus/ros/ouster_ros/msg/PacketMsg.l)
Linked: (/root/uav_ws/devel/.private/ouster_ros/include/ouster_ros/OSConfigSrv.h, /root/uav_ws/devel/include/ouster_ros/OSConfigSrv.h)
Linked: (/root/uav_ws/devel/.private/ouster_ros/include/ouster_ros/PacketMsg.h, /root/uav_ws/devel/include/ouster_ros/PacketMsg.h)
Linked: (/root/uav_ws/devel/.private/ouster_ros/include/ouster_ros/OSConfigSrvRequest.h, /root/uav_ws/devel/include/ouster_ros/OSConfigSrvRequest.h)
Linked: (/root/uav_ws/devel/.private/ouster_ros/include/ouster_ros/OSConfigSrvResponse.h, /root/uav_ws/devel/include/ouster_ros/OSConfigSrvResponse.h)
