Scanning dependencies of target geometry_msgs_generate_messages_cpp
Scanning dependencies of target geometry_msgs_generate_messages_lisp
Scanning dependencies of target geometry_msgs_generate_messages_eus
Scanning dependencies of target geometry_msgs_generate_messages_nodejs
Scanning dependencies of target geometry_msgs_generate_messages_py
Scanning dependencies of target _icuas23_competition_generate_messages_check_deps_poi
[  0%] Built target geometry_msgs_generate_messages_nodejs
[  0%] Built target geometry_msgs_generate_messages_lisp
[  0%] Built target geometry_msgs_generate_messages_py
[  0%] Built target geometry_msgs_generate_messages_cpp
[  0%] Built target geometry_msgs_generate_messages_eus
[  0%] Built target _icuas23_competition_generate_messages_check_deps_poi
Scanning dependencies of target icuas23_competition_generate_messages_lisp
Scanning dependencies of target icuas23_competition_generate_messages_nodejs
Scanning dependencies of target icuas23_competition_generate_messages_eus
Scanning dependencies of target icuas23_competition_generate_messages_cpp
Scanning dependencies of target icuas23_competition_generate_messages_py
[ 71%] Generating C++ code from icuas23_competition/poi.msg
[ 71%] Generating Python from MSG icuas23_competition/poi
[ 71%] Generating Lisp code from icuas23_competition/poi.msg
[ 71%] Generating EusLisp manifest code for icuas23_competition
[ 71%] Generating Javascript code from icuas23_competition/poi.msg
[ 85%] Generating EusLisp code from icuas23_competition/poi.msg
[ 85%] Built target icuas23_competition_generate_messages_lisp
[ 85%] Built target icuas23_competition_generate_messages_nodejs
[100%] Generating Python msg __init__.py for icuas23_competition
[100%] Built target icuas23_competition_generate_messages_cpp
[100%] Built target icuas23_competition_generate_messages_py
[100%] Built target icuas23_competition_generate_messages_eus
Scanning dependencies of target icuas23_competition_generate_messages
[100%] Built target icuas23_competition_generate_messages
