Symlinking /root/uav_ws/devel/lib/pkgconfig/topp_ros.pc
Symlinking /root/uav_ws/devel/lib/python3/dist-packages/topp_ros/__init__.py
Symlinking /root/uav_ws/devel/lib/python3/dist-packages/topp_ros/srv/_GenerateTrajectory.py
Symlinking /root/uav_ws/devel/lib/python3/dist-packages/topp_ros/srv/_GetHelixPoints.py
Symlinking /root/uav_ws/devel/lib/python3/dist-packages/topp_ros/srv/__init__.py
Symlinking /root/uav_ws/devel/share/topp_ros/cmake/topp_rosConfig.cmake
Symlinking /root/uav_ws/devel/share/topp_ros/cmake/topp_rosConfig-version.cmake
Symlinking /root/uav_ws/devel/share/topp_ros/cmake/topp_ros-msg-extras.cmake
Symlinking /root/uav_ws/devel/share/topp_ros/cmake/topp_ros-msg-paths.cmake
Symlinking /root/uav_ws/devel/share/gennodejs/ros/topp_ros/_index.js
Symlinking /root/uav_ws/devel/share/gennodejs/ros/topp_ros/srv/GenerateTrajectory.js
Symlinking /root/uav_ws/devel/share/gennodejs/ros/topp_ros/srv/_index.js
Symlinking /root/uav_ws/devel/share/gennodejs/ros/topp_ros/srv/GetHelixPoints.js
Symlinking /root/uav_ws/devel/share/common-lisp/ros/topp_ros/srv/_package_GenerateTrajectory.lisp
Symlinking /root/uav_ws/devel/share/common-lisp/ros/topp_ros/srv/GetHelixPoints.lisp
Symlinking /root/uav_ws/devel/share/common-lisp/ros/topp_ros/srv/GenerateTrajectory.lisp
Symlinking /root/uav_ws/devel/share/common-lisp/ros/topp_ros/srv/_package.lisp
Symlinking /root/uav_ws/devel/share/common-lisp/ros/topp_ros/srv/topp_ros-srv.asd
Symlinking /root/uav_ws/devel/share/common-lisp/ros/topp_ros/srv/_package_GetHelixPoints.lisp
Symlinking /root/uav_ws/devel/share/roseus/ros/topp_ros/manifest.l
Symlinking /root/uav_ws/devel/share/roseus/ros/topp_ros/srv/GetHelixPoints.l
Symlinking /root/uav_ws/devel/share/roseus/ros/topp_ros/srv/GenerateTrajectory.l
Symlinking /root/uav_ws/devel/include/topp_ros/GetHelixPointsRequest.h
Symlinking /root/uav_ws/devel/include/topp_ros/GenerateTrajectory.h
Symlinking /root/uav_ws/devel/include/topp_ros/GetHelixPointsResponse.h
Symlinking /root/uav_ws/devel/include/topp_ros/GenerateTrajectoryRequest.h
Symlinking /root/uav_ws/devel/include/topp_ros/GenerateTrajectoryResponse.h
Symlinking /root/uav_ws/devel/include/topp_ros/GetHelixPoints.h
