Linked: (/root/uav_ws/devel/.private/topp_ros/lib/pkgconfig/topp_ros.pc, /root/uav_ws/devel/lib/pkgconfig/topp_ros.pc)
Linked: (/root/uav_ws/devel/.private/topp_ros/lib/python3/dist-packages/topp_ros/__init__.py, /root/uav_ws/devel/lib/python3/dist-packages/topp_ros/__init__.py)
Linked: (/root/uav_ws/devel/.private/topp_ros/lib/python3/dist-packages/topp_ros/srv/_GenerateTrajectory.py, /root/uav_ws/devel/lib/python3/dist-packages/topp_ros/srv/_GenerateTrajectory.py)
Linked: (/root/uav_ws/devel/.private/topp_ros/lib/python3/dist-packages/topp_ros/srv/_GetHelixPoints.py, /root/uav_ws/devel/lib/python3/dist-packages/topp_ros/srv/_GetHelixPoints.py)
Linked: (/root/uav_ws/devel/.private/topp_ros/lib/python3/dist-packages/topp_ros/srv/__init__.py, /root/uav_ws/devel/lib/python3/dist-packages/topp_ros/srv/__init__.py)
Linked: (/root/uav_ws/devel/.private/topp_ros/share/topp_ros/cmake/topp_rosConfig.cmake, /root/uav_ws/devel/share/topp_ros/cmake/topp_rosConfig.cmake)
Linked: (/root/uav_ws/devel/.private/topp_ros/share/topp_ros/cmake/topp_rosConfig-version.cmake, /root/uav_ws/devel/share/topp_ros/cmake/topp_rosConfig-version.cmake)
Linked: (/root/uav_ws/devel/.private/topp_ros/share/topp_ros/cmake/topp_ros-msg-extras.cmake, /root/uav_ws/devel/share/topp_ros/cmake/topp_ros-msg-extras.cmake)
Linked: (/root/uav_ws/devel/.private/topp_ros/share/topp_ros/cmake/topp_ros-msg-paths.cmake, /root/uav_ws/devel/share/topp_ros/cmake/topp_ros-msg-paths.cmake)
Linked: (/root/uav_ws/devel/.private/topp_ros/share/gennodejs/ros/topp_ros/_index.js, /root/uav_ws/devel/share/gennodejs/ros/topp_ros/_index.js)
Linked: (/root/uav_ws/devel/.private/topp_ros/share/gennodejs/ros/topp_ros/srv/GenerateTrajectory.js, /root/uav_ws/devel/share/gennodejs/ros/topp_ros/srv/GenerateTrajectory.js)
Linked: (/root/uav_ws/devel/.private/topp_ros/share/gennodejs/ros/topp_ros/srv/_index.js, /root/uav_ws/devel/share/gennodejs/ros/topp_ros/srv/_index.js)
Linked: (/root/uav_ws/devel/.private/topp_ros/share/gennodejs/ros/topp_ros/srv/GetHelixPoints.js, /root/uav_ws/devel/share/gennodejs/ros/topp_ros/srv/GetHelixPoints.js)
Linked: (/root/uav_ws/devel/.private/topp_ros/share/common-lisp/ros/topp_ros/srv/_package_GenerateTrajectory.lisp, /root/uav_ws/devel/share/common-lisp/ros/topp_ros/srv/_package_GenerateTrajectory.lisp)
Linked: (/root/uav_ws/devel/.private/topp_ros/share/common-lisp/ros/topp_ros/srv/GetHelixPoints.lisp, /root/uav_ws/devel/share/common-lisp/ros/topp_ros/srv/GetHelixPoints.lisp)
Linked: (/root/uav_ws/devel/.private/topp_ros/share/common-lisp/ros/topp_ros/srv/GenerateTrajectory.lisp, /root/uav_ws/devel/share/common-lisp/ros/topp_ros/srv/GenerateTrajectory.lisp)
Linked: (/root/uav_ws/devel/.private/topp_ros/share/common-lisp/ros/topp_ros/srv/_package.lisp, /root/uav_ws/devel/share/common-lisp/ros/topp_ros/srv/_package.lisp)
Linked: (/root/uav_ws/devel/.private/topp_ros/share/common-lisp/ros/topp_ros/srv/topp_ros-srv.asd, /root/uav_ws/devel/share/common-lisp/ros/topp_ros/srv/topp_ros-srv.asd)
Linked: (/root/uav_ws/devel/.private/topp_ros/share/common-lisp/ros/topp_ros/srv/_package_GetHelixPoints.lisp, /root/uav_ws/devel/share/common-lisp/ros/topp_ros/srv/_package_GetHelixPoints.lisp)
Linked: (/root/uav_ws/devel/.private/topp_ros/share/roseus/ros/topp_ros/manifest.l, /root/uav_ws/devel/share/roseus/ros/topp_ros/manifest.l)
Linked: (/root/uav_ws/devel/.private/topp_ros/share/roseus/ros/topp_ros/srv/GetHelixPoints.l, /root/uav_ws/devel/share/roseus/ros/topp_ros/srv/GetHelixPoints.l)
Linked: (/root/uav_ws/devel/.private/topp_ros/share/roseus/ros/topp_ros/srv/GenerateTrajectory.l, /root/uav_ws/devel/share/roseus/ros/topp_ros/srv/GenerateTrajectory.l)
Linked: (/root/uav_ws/devel/.private/topp_ros/include/topp_ros/GetHelixPointsRequest.h, /root/uav_ws/devel/include/topp_ros/GetHelixPointsRequest.h)
Linked: (/root/uav_ws/devel/.private/topp_ros/include/topp_ros/GenerateTrajectory.h, /root/uav_ws/devel/include/topp_ros/GenerateTrajectory.h)
Linked: (/root/uav_ws/devel/.private/topp_ros/include/topp_ros/GetHelixPointsResponse.h, /root/uav_ws/devel/include/topp_ros/GetHelixPointsResponse.h)
Linked: (/root/uav_ws/devel/.private/topp_ros/include/topp_ros/GenerateTrajectoryRequest.h, /root/uav_ws/devel/include/topp_ros/GenerateTrajectoryRequest.h)
Linked: (/root/uav_ws/devel/.private/topp_ros/include/topp_ros/GenerateTrajectoryResponse.h, /root/uav_ws/devel/include/topp_ros/GenerateTrajectoryResponse.h)
Linked: (/root/uav_ws/devel/.private/topp_ros/include/topp_ros/GetHelixPoints.h, /root/uav_ws/devel/include/topp_ros/GetHelixPoints.h)
