[  0%] Built target trajectory_msgs_generate_messages_cpp
[  0%] Built target std_msgs_generate_messages_cpp
[  0%] Built target trajectory_msgs_generate_messages_eus
[  0%] Built target trajectory_msgs_generate_messages_nodejs
[  0%] Built target geometry_msgs_generate_messages_cpp
[  0%] Built target geometry_msgs_generate_messages_nodejs
[  0%] Built target geometry_msgs_generate_messages_eus
[  0%] Built target std_msgs_generate_messages_nodejs
[  0%] Built target std_msgs_generate_messages_py
[  0%] Built target trajectory_msgs_generate_messages_py
[  0%] Built target std_msgs_generate_messages_eus
[  0%] Built target trajectory_msgs_generate_messages_lisp
[  0%] Built target geometry_msgs_generate_messages_lisp
[  0%] Built target std_msgs_generate_messages_lisp
[  0%] Built target geometry_msgs_generate_messages_py
[  0%] Built target _topp_ros_generate_messages_check_deps_GenerateTrajectory
[  0%] Built target _topp_ros_generate_messages_check_deps_GetHelixPoints
[ 66%] Built target topp_ros_generate_messages_nodejs
[ 66%] Built target topp_ros_generate_messages_lisp
[ 75%] Built target topp_ros_generate_messages_cpp
[ 75%] Built target topp_ros_generate_messages_py
[100%] Built target topp_ros_generate_messages_eus
[100%] Built target topp_ros_generate_messages
