Scanning dependencies of target _topp_ros_generate_messages_check_deps_GetHelixPoints
Scanning dependencies of target geometry_msgs_generate_messages_cpp
Scanning dependencies of target std_msgs_generate_messages_nodejs
Scanning dependencies of target trajectory_msgs_generate_messages_cpp
Scanning dependencies of target trajectory_msgs_generate_messages_nodejs
Scanning dependencies of target std_msgs_generate_messages_cpp
Scanning dependencies of target trajectory_msgs_generate_messages_eus
Scanning dependencies of target _topp_ros_generate_messages_check_deps_GenerateTrajectory
Scanning dependencies of target geometry_msgs_generate_messages_nodejs
Scanning dependencies of target geometry_msgs_generate_messages_eus
Scanning dependencies of target trajectory_msgs_generate_messages_lisp
Scanning dependencies of target std_msgs_generate_messages_eus
Scanning dependencies of target std_msgs_generate_messages_lisp
Scanning dependencies of target trajectory_msgs_generate_messages_py
Scanning dependencies of target std_msgs_generate_messages_py
Scanning dependencies of target geometry_msgs_generate_messages_lisp
[  0%] Built target std_msgs_generate_messages_cpp
[  0%] Built target trajectory_msgs_generate_messages_nodejs
[  0%] Built target trajectory_msgs_generate_messages_cpp
[  0%] Built target geometry_msgs_generate_messages_eus
[  0%] Built target std_msgs_generate_messages_lisp
[  0%] Built target geometry_msgs_generate_messages_cpp
[  0%] Built target geometry_msgs_generate_messages_nodejs
[  0%] Built target trajectory_msgs_generate_messages_eus
[  0%] Built target std_msgs_generate_messages_eus
[  0%] Built target trajectory_msgs_generate_messages_lisp
[  0%] Built target std_msgs_generate_messages_py
[  0%] Built target geometry_msgs_generate_messages_lisp
[  0%] Built target trajectory_msgs_generate_messages_py
[  0%] Built target std_msgs_generate_messages_nodejs
Scanning dependencies of target geometry_msgs_generate_messages_py
[  0%] Built target geometry_msgs_generate_messages_py
[  0%] Built target _topp_ros_generate_messages_check_deps_GenerateTrajectory
[  0%] Built target _topp_ros_generate_messages_check_deps_GetHelixPoints
Scanning dependencies of target topp_ros_generate_messages_nodejs
Scanning dependencies of target topp_ros_generate_messages_cpp
Scanning dependencies of target topp_ros_generate_messages_eus
Scanning dependencies of target topp_ros_generate_messages_lisp
Scanning dependencies of target topp_ros_generate_messages_py
[ 41%] Generating EusLisp code from topp_ros/GetHelixPoints.srv
[ 41%] Generating Lisp code from topp_ros/GetHelixPoints.srv
[ 41%] Generating Python code from SRV topp_ros/GenerateTrajectory
[ 41%] Generating Javascript code from topp_ros/GetHelixPoints.srv
[ 41%] Generating EusLisp code from topp_ros/GenerateTrajectory.srv
[ 50%] Generating C++ code from topp_ros/GetHelixPoints.srv
[ 83%] Generating EusLisp manifest code for topp_ros
[ 83%] Generating C++ code from topp_ros/GenerateTrajectory.srv
[ 83%] Generating Javascript code from topp_ros/GenerateTrajectory.srv
[ 83%] Generating Lisp code from topp_ros/GenerateTrajectory.srv
[ 91%] Generating Python code from SRV topp_ros/GetHelixPoints
[ 91%] Built target topp_ros_generate_messages_lisp
[ 91%] Built target topp_ros_generate_messages_nodejs
[100%] Generating Python srv __init__.py for topp_ros
[100%] Built target topp_ros_generate_messages_cpp
[100%] Built target topp_ros_generate_messages_py
[100%] Built target topp_ros_generate_messages_eus
Scanning dependencies of target topp_ros_generate_messages
[100%] Built target topp_ros_generate_messages
