Scanning dependencies of target geometry_msgs_generate_messages_cpp
Scanning dependencies of target _uav_ros_msgs_generate_messages_check_deps_GeoBrickApproach
Scanning dependencies of target _uav_ros_msgs_generate_messages_check_deps_Land
Scanning dependencies of target _uav_ros_msgs_generate_messages_check_deps_VisualServoProcessValues
Scanning dependencies of target _uav_ros_msgs_generate_messages_check_deps_Waypoint
Scanning dependencies of target _uav_ros_msgs_generate_messages_check_deps_TakeOff
Scanning dependencies of target _uav_ros_msgs_generate_messages_check_deps_WaypointStatus
Scanning dependencies of target _uav_ros_msgs_generate_messages_check_deps_Waypoints
Scanning dependencies of target _uav_ros_msgs_generate_messages_check_deps_MapInfo
Scanning dependencies of target _uav_ros_msgs_generate_messages_check_deps_PIDController
Scanning dependencies of target _uav_ros_msgs_generate_messages_check_deps_Task
Scanning dependencies of target std_msgs_generate_messages_cpp
Scanning dependencies of target std_msgs_generate_messages_eus
Scanning dependencies of target std_msgs_generate_messages_py
Scanning dependencies of target geometry_msgs_generate_messages_py
Scanning dependencies of target _uav_ros_msgs_generate_messages_check_deps_ArmAndTakeoff
[  0%] Built target geometry_msgs_generate_messages_cpp
[  0%] Built target std_msgs_generate_messages_cpp
[  0%] Built target std_msgs_generate_messages_eus
[  0%] Built target std_msgs_generate_messages_py
[  0%] Built target geometry_msgs_generate_messages_py
Scanning dependencies of target geometry_msgs_generate_messages_eus
Scanning dependencies of target std_msgs_generate_messages_nodejs
Scanning dependencies of target std_msgs_generate_messages_lisp
Scanning dependencies of target geometry_msgs_generate_messages_nodejs
Scanning dependencies of target geometry_msgs_generate_messages_lisp
[  0%] Built target geometry_msgs_generate_messages_eus
[  0%] Built target std_msgs_generate_messages_nodejs
[  0%] Built target std_msgs_generate_messages_lisp
[  0%] Built target geometry_msgs_generate_messages_nodejs
[  0%] Built target geometry_msgs_generate_messages_lisp
[  0%] Built target _uav_ros_msgs_generate_messages_check_deps_GeoBrickApproach
[  0%] Built target _uav_ros_msgs_generate_messages_check_deps_Land
[  0%] Built target _uav_ros_msgs_generate_messages_check_deps_VisualServoProcessValues
[  0%] Built target _uav_ros_msgs_generate_messages_check_deps_Waypoint
[  0%] Built target _uav_ros_msgs_generate_messages_check_deps_TakeOff
[  0%] Built target _uav_ros_msgs_generate_messages_check_deps_WaypointStatus
[  0%] Built target _uav_ros_msgs_generate_messages_check_deps_Task
[  0%] Built target _uav_ros_msgs_generate_messages_check_deps_MapInfo
[  0%] Built target _uav_ros_msgs_generate_messages_check_deps_Waypoints
[  0%] Built target _uav_ros_msgs_generate_messages_check_deps_PIDController
[  0%] Built target _uav_ros_msgs_generate_messages_check_deps_ArmAndTakeoff
Scanning dependencies of target uav_ros_msgs_generate_messages_lisp
Scanning dependencies of target uav_ros_msgs_generate_messages_eus
Scanning dependencies of target uav_ros_msgs_generate_messages_cpp
Scanning dependencies of target uav_ros_msgs_generate_messages_py
Scanning dependencies of target uav_ros_msgs_generate_messages_nodejs
[ 24%] Generating C++ code from uav_ros_msgs/PIDController.msg
[ 24%] Generating EusLisp code from uav_ros_msgs/PIDController.msg
[ 24%] Generating EusLisp code from uav_ros_msgs/VisualServoProcessValues.msg
[ 24%] Generating EusLisp code from uav_ros_msgs/Task.msg
[ 24%] Generating C++ code from uav_ros_msgs/VisualServoProcessValues.msg
[ 24%] Generating Javascript code from uav_ros_msgs/Task.msg
[ 24%] Generating Lisp code from uav_ros_msgs/VisualServoProcessValues.msg
[ 24%] Generating Lisp code from uav_ros_msgs/PIDController.msg
[ 24%] Generating Python from MSG uav_ros_msgs/PIDController
[ 24%] Generating Javascript code from uav_ros_msgs/VisualServoProcessValues.msg
[ 24%] Generating Lisp code from uav_ros_msgs/Task.msg
[ 24%] Generating Python from MSG uav_ros_msgs/VisualServoProcessValues
[ 24%] Generating Javascript code from uav_ros_msgs/PIDController.msg
[ 24%] Generating Lisp code from uav_ros_msgs/Waypoint.msg
[ 25%] Generating C++ code from uav_ros_msgs/Task.msg
[ 27%] Generating C++ code from uav_ros_msgs/Waypoint.msg
[ 29%] Generating Python from MSG uav_ros_msgs/Task
[ 32%] Generating Python from MSG uav_ros_msgs/Waypoint
[ 32%] Generating Lisp code from uav_ros_msgs/Waypoints.msg
[ 34%] Generating Javascript code from uav_ros_msgs/Waypoint.msg
[ 36%] Generating Python from MSG uav_ros_msgs/Waypoints
[ 37%] Generating C++ code from uav_ros_msgs/Waypoints.msg
[ 39%] Generating Lisp code from uav_ros_msgs/WaypointStatus.msg
[ 41%] Generating Lisp code from uav_ros_msgs/MapInfo.msg
[ 43%] Generating Lisp code from uav_ros_msgs/GeoBrickApproach.srv
[ 44%] Generating EusLisp code from uav_ros_msgs/Waypoint.msg
[ 46%] Generating EusLisp code from uav_ros_msgs/Waypoints.msg
[ 48%] Generating Javascript code from uav_ros_msgs/Waypoints.msg
[ 50%] Generating EusLisp code from uav_ros_msgs/WaypointStatus.msg
[ 51%] Generating EusLisp code from uav_ros_msgs/MapInfo.msg
[ 53%] Generating Lisp code from uav_ros_msgs/TakeOff.srv
[ 55%] Generating C++ code from uav_ros_msgs/WaypointStatus.msg
[ 56%] Generating C++ code from uav_ros_msgs/MapInfo.msg
[ 58%] Generating C++ code from uav_ros_msgs/GeoBrickApproach.srv
[ 63%] Generating EusLisp code from uav_ros_msgs/TakeOff.srv
[ 63%] Generating EusLisp code from uav_ros_msgs/GeoBrickApproach.srv
[ 63%] Generating Python from MSG uav_ros_msgs/WaypointStatus
[ 65%] Generating Lisp code from uav_ros_msgs/ArmAndTakeoff.srv
[ 68%] Generating EusLisp code from uav_ros_msgs/ArmAndTakeoff.srv
[ 68%] Generating Javascript code from uav_ros_msgs/WaypointStatus.msg
[ 70%] Generating Lisp code from uav_ros_msgs/Land.srv
[ 72%] Generating Python from MSG uav_ros_msgs/MapInfo
[ 74%] Generating Python code from SRV uav_ros_msgs/GeoBrickApproach
[ 75%] Generating C++ code from uav_ros_msgs/TakeOff.srv
[ 79%] Generating Python code from SRV uav_ros_msgs/TakeOff
[ 79%] Generating Python code from SRV uav_ros_msgs/ArmAndTakeoff
[ 82%] Generating Javascript code from uav_ros_msgs/MapInfo.msg
[ 82%] Generating EusLisp code from uav_ros_msgs/Land.srv
[ 82%] Built target uav_ros_msgs_generate_messages_lisp
[ 84%] Generating EusLisp manifest code for uav_ros_msgs
[ 86%] Generating Javascript code from uav_ros_msgs/TakeOff.srv
[ 87%] Generating Python code from SRV uav_ros_msgs/Land
[ 89%] Generating Javascript code from uav_ros_msgs/GeoBrickApproach.srv
[ 91%] Generating C++ code from uav_ros_msgs/ArmAndTakeoff.srv
[ 93%] Generating Javascript code from uav_ros_msgs/ArmAndTakeoff.srv
[ 94%] Generating Javascript code from uav_ros_msgs/Land.srv
[ 96%] Generating C++ code from uav_ros_msgs/Land.srv
[ 96%] Built target uav_ros_msgs_generate_messages_nodejs
[100%] Generating Python srv __init__.py for uav_ros_msgs
[100%] Generating Python msg __init__.py for uav_ros_msgs
[100%] Built target uav_ros_msgs_generate_messages_cpp
[100%] Built target uav_ros_msgs_generate_messages_py
[100%] Built target uav_ros_msgs_generate_messages_eus
Scanning dependencies of target uav_ros_msgs_generate_messages
[100%] Built target uav_ros_msgs_generate_messages
