Linked: (/root/uav_ws/devel/.private/uav_ros_msgs/lib/pkgconfig/uav_ros_msgs.pc, /root/uav_ws/devel/lib/pkgconfig/uav_ros_msgs.pc)
Linked: (/root/uav_ws/devel/.private/uav_ros_msgs/lib/python3/dist-packages/uav_ros_msgs/__init__.py, /root/uav_ws/devel/lib/python3/dist-packages/uav_ros_msgs/__init__.py)
Linked: (/root/uav_ws/devel/.private/uav_ros_msgs/lib/python3/dist-packages/uav_ros_msgs/srv/_GeoBrickApproach.py, /root/uav_ws/devel/lib/python3/dist-packages/uav_ros_msgs/srv/_GeoBrickApproach.py)
Linked: (/root/uav_ws/devel/.private/uav_ros_msgs/lib/python3/dist-packages/uav_ros_msgs/srv/__init__.py, /root/uav_ws/devel/lib/python3/dist-packages/uav_ros_msgs/srv/__init__.py)
Linked: (/root/uav_ws/devel/.private/uav_ros_msgs/lib/python3/dist-packages/uav_ros_msgs/srv/_Land.py, /root/uav_ws/devel/lib/python3/dist-packages/uav_ros_msgs/srv/_Land.py)
Linked: (/root/uav_ws/devel/.private/uav_ros_msgs/lib/python3/dist-packages/uav_ros_msgs/srv/_TakeOff.py, /root/uav_ws/devel/lib/python3/dist-packages/uav_ros_msgs/srv/_TakeOff.py)
Linked: (/root/uav_ws/devel/.private/uav_ros_msgs/lib/python3/dist-packages/uav_ros_msgs/srv/_ArmAndTakeoff.py, /root/uav_ws/devel/lib/python3/dist-packages/uav_ros_msgs/srv/_ArmAndTakeoff.py)
Linked: (/root/uav_ws/devel/.private/uav_ros_msgs/lib/python3/dist-packages/uav_ros_msgs/msg/_Waypoints.py, /root/uav_ws/devel/lib/python3/dist-packages/uav_ros_msgs/msg/_Waypoints.py)
Linked: (/root/uav_ws/devel/.private/uav_ros_msgs/lib/python3/dist-packages/uav_ros_msgs/msg/_Waypoint.py, /root/uav_ws/devel/lib/python3/dist-packages/uav_ros_msgs/msg/_Waypoint.py)
Linked: (/root/uav_ws/devel/.private/uav_ros_msgs/lib/python3/dist-packages/uav_ros_msgs/msg/_WaypointStatus.py, /root/uav_ws/devel/lib/python3/dist-packages/uav_ros_msgs/msg/_WaypointStatus.py)
Linked: (/root/uav_ws/devel/.private/uav_ros_msgs/lib/python3/dist-packages/uav_ros_msgs/msg/__init__.py, /root/uav_ws/devel/lib/python3/dist-packages/uav_ros_msgs/msg/__init__.py)
Linked: (/root/uav_ws/devel/.private/uav_ros_msgs/lib/python3/dist-packages/uav_ros_msgs/msg/_MapInfo.py, /root/uav_ws/devel/lib/python3/dist-packages/uav_ros_msgs/msg/_MapInfo.py)
Linked: (/root/uav_ws/devel/.private/uav_ros_msgs/lib/python3/dist-packages/uav_ros_msgs/msg/_Task.py, /root/uav_ws/devel/lib/python3/dist-packages/uav_ros_msgs/msg/_Task.py)
Linked: (/root/uav_ws/devel/.private/uav_ros_msgs/lib/python3/dist-packages/uav_ros_msgs/msg/_VisualServoProcessValues.py, /root/uav_ws/devel/lib/python3/dist-packages/uav_ros_msgs/msg/_VisualServoProcessValues.py)
Linked: (/root/uav_ws/devel/.private/uav_ros_msgs/lib/python3/dist-packages/uav_ros_msgs/msg/_PIDController.py, /root/uav_ws/devel/lib/python3/dist-packages/uav_ros_msgs/msg/_PIDController.py)
Linked: (/root/uav_ws/devel/.private/uav_ros_msgs/share/gennodejs/ros/uav_ros_msgs/_index.js, /root/uav_ws/devel/share/gennodejs/ros/uav_ros_msgs/_index.js)
Linked: (/root/uav_ws/devel/.private/uav_ros_msgs/share/gennodejs/ros/uav_ros_msgs/srv/ArmAndTakeoff.js, /root/uav_ws/devel/share/gennodejs/ros/uav_ros_msgs/srv/ArmAndTakeoff.js)
Linked: (/root/uav_ws/devel/.private/uav_ros_msgs/share/gennodejs/ros/uav_ros_msgs/srv/TakeOff.js, /root/uav_ws/devel/share/gennodejs/ros/uav_ros_msgs/srv/TakeOff.js)
Linked: (/root/uav_ws/devel/.private/uav_ros_msgs/share/gennodejs/ros/uav_ros_msgs/srv/Land.js, /root/uav_ws/devel/share/gennodejs/ros/uav_ros_msgs/srv/Land.js)
Linked: (/root/uav_ws/devel/.private/uav_ros_msgs/share/gennodejs/ros/uav_ros_msgs/srv/_index.js, /root/uav_ws/devel/share/gennodejs/ros/uav_ros_msgs/srv/_index.js)
Linked: (/root/uav_ws/devel/.private/uav_ros_msgs/share/gennodejs/ros/uav_ros_msgs/srv/GeoBrickApproach.js, /root/uav_ws/devel/share/gennodejs/ros/uav_ros_msgs/srv/GeoBrickApproach.js)
Linked: (/root/uav_ws/devel/.private/uav_ros_msgs/share/gennodejs/ros/uav_ros_msgs/msg/Task.js, /root/uav_ws/devel/share/gennodejs/ros/uav_ros_msgs/msg/Task.js)
Linked: (/root/uav_ws/devel/.private/uav_ros_msgs/share/gennodejs/ros/uav_ros_msgs/msg/MapInfo.js, /root/uav_ws/devel/share/gennodejs/ros/uav_ros_msgs/msg/MapInfo.js)
Linked: (/root/uav_ws/devel/.private/uav_ros_msgs/share/gennodejs/ros/uav_ros_msgs/msg/PIDController.js, /root/uav_ws/devel/share/gennodejs/ros/uav_ros_msgs/msg/PIDController.js)
Linked: (/root/uav_ws/devel/.private/uav_ros_msgs/share/gennodejs/ros/uav_ros_msgs/msg/Waypoints.js, /root/uav_ws/devel/share/gennodejs/ros/uav_ros_msgs/msg/Waypoints.js)
Linked: (/root/uav_ws/devel/.private/uav_ros_msgs/share/gennodejs/ros/uav_ros_msgs/msg/Waypoint.js, /root/uav_ws/devel/share/gennodejs/ros/uav_ros_msgs/msg/Waypoint.js)
Linked: (/root/uav_ws/devel/.private/uav_ros_msgs/share/gennodejs/ros/uav_ros_msgs/msg/_index.js, /root/uav_ws/devel/share/gennodejs/ros/uav_ros_msgs/msg/_index.js)
Linked: (/root/uav_ws/devel/.private/uav_ros_msgs/share/gennodejs/ros/uav_ros_msgs/msg/VisualServoProcessValues.js, /root/uav_ws/devel/share/gennodejs/ros/uav_ros_msgs/msg/VisualServoProcessValues.js)
Linked: (/root/uav_ws/devel/.private/uav_ros_msgs/share/gennodejs/ros/uav_ros_msgs/msg/WaypointStatus.js, /root/uav_ws/devel/share/gennodejs/ros/uav_ros_msgs/msg/WaypointStatus.js)
Linked: (/root/uav_ws/devel/.private/uav_ros_msgs/share/uav_ros_msgs/cmake/uav_ros_msgs-msg-paths.cmake, /root/uav_ws/devel/share/uav_ros_msgs/cmake/uav_ros_msgs-msg-paths.cmake)
Linked: (/root/uav_ws/devel/.private/uav_ros_msgs/share/uav_ros_msgs/cmake/uav_ros_msgsConfig-version.cmake, /root/uav_ws/devel/share/uav_ros_msgs/cmake/uav_ros_msgsConfig-version.cmake)
Linked: (/root/uav_ws/devel/.private/uav_ros_msgs/share/uav_ros_msgs/cmake/uav_ros_msgs-msg-extras.cmake, /root/uav_ws/devel/share/uav_ros_msgs/cmake/uav_ros_msgs-msg-extras.cmake)
Linked: (/root/uav_ws/devel/.private/uav_ros_msgs/share/uav_ros_msgs/cmake/uav_ros_msgsConfig.cmake, /root/uav_ws/devel/share/uav_ros_msgs/cmake/uav_ros_msgsConfig.cmake)
Linked: (/root/uav_ws/devel/.private/uav_ros_msgs/share/common-lisp/ros/uav_ros_msgs/srv/GeoBrickApproach.lisp, /root/uav_ws/devel/share/common-lisp/ros/uav_ros_msgs/srv/GeoBrickApproach.lisp)
Linked: (/root/uav_ws/devel/.private/uav_ros_msgs/share/common-lisp/ros/uav_ros_msgs/srv/TakeOff.lisp, /root/uav_ws/devel/share/common-lisp/ros/uav_ros_msgs/srv/TakeOff.lisp)
Linked: (/root/uav_ws/devel/.private/uav_ros_msgs/share/common-lisp/ros/uav_ros_msgs/srv/_package_TakeOff.lisp, /root/uav_ws/devel/share/common-lisp/ros/uav_ros_msgs/srv/_package_TakeOff.lisp)
Linked: (/root/uav_ws/devel/.private/uav_ros_msgs/share/common-lisp/ros/uav_ros_msgs/srv/_package.lisp, /root/uav_ws/devel/share/common-lisp/ros/uav_ros_msgs/srv/_package.lisp)
Linked: (/root/uav_ws/devel/.private/uav_ros_msgs/share/common-lisp/ros/uav_ros_msgs/srv/_package_Land.lisp, /root/uav_ws/devel/share/common-lisp/ros/uav_ros_msgs/srv/_package_Land.lisp)
Linked: (/root/uav_ws/devel/.private/uav_ros_msgs/share/common-lisp/ros/uav_ros_msgs/srv/uav_ros_msgs-srv.asd, /root/uav_ws/devel/share/common-lisp/ros/uav_ros_msgs/srv/uav_ros_msgs-srv.asd)
Linked: (/root/uav_ws/devel/.private/uav_ros_msgs/share/common-lisp/ros/uav_ros_msgs/srv/Land.lisp, /root/uav_ws/devel/share/common-lisp/ros/uav_ros_msgs/srv/Land.lisp)
Linked: (/root/uav_ws/devel/.private/uav_ros_msgs/share/common-lisp/ros/uav_ros_msgs/srv/_package_GeoBrickApproach.lisp, /root/uav_ws/devel/share/common-lisp/ros/uav_ros_msgs/srv/_package_GeoBrickApproach.lisp)
Linked: (/root/uav_ws/devel/.private/uav_ros_msgs/share/common-lisp/ros/uav_ros_msgs/srv/ArmAndTakeoff.lisp, /root/uav_ws/devel/share/common-lisp/ros/uav_ros_msgs/srv/ArmAndTakeoff.lisp)
Linked: (/root/uav_ws/devel/.private/uav_ros_msgs/share/common-lisp/ros/uav_ros_msgs/srv/_package_ArmAndTakeoff.lisp, /root/uav_ws/devel/share/common-lisp/ros/uav_ros_msgs/srv/_package_ArmAndTakeoff.lisp)
Linked: (/root/uav_ws/devel/.private/uav_ros_msgs/share/common-lisp/ros/uav_ros_msgs/msg/PIDController.lisp, /root/uav_ws/devel/share/common-lisp/ros/uav_ros_msgs/msg/PIDController.lisp)
Linked: (/root/uav_ws/devel/.private/uav_ros_msgs/share/common-lisp/ros/uav_ros_msgs/msg/_package_MapInfo.lisp, /root/uav_ws/devel/share/common-lisp/ros/uav_ros_msgs/msg/_package_MapInfo.lisp)
Linked: (/root/uav_ws/devel/.private/uav_ros_msgs/share/common-lisp/ros/uav_ros_msgs/msg/Waypoints.lisp, /root/uav_ws/devel/share/common-lisp/ros/uav_ros_msgs/msg/Waypoints.lisp)
Linked: (/root/uav_ws/devel/.private/uav_ros_msgs/share/common-lisp/ros/uav_ros_msgs/msg/Waypoint.lisp, /root/uav_ws/devel/share/common-lisp/ros/uav_ros_msgs/msg/Waypoint.lisp)
Linked: (/root/uav_ws/devel/.private/uav_ros_msgs/share/common-lisp/ros/uav_ros_msgs/msg/_package_PIDController.lisp, /root/uav_ws/devel/share/common-lisp/ros/uav_ros_msgs/msg/_package_PIDController.lisp)
Linked: (/root/uav_ws/devel/.private/uav_ros_msgs/share/common-lisp/ros/uav_ros_msgs/msg/uav_ros_msgs-msg.asd, /root/uav_ws/devel/share/common-lisp/ros/uav_ros_msgs/msg/uav_ros_msgs-msg.asd)
Linked: (/root/uav_ws/devel/.private/uav_ros_msgs/share/common-lisp/ros/uav_ros_msgs/msg/_package.lisp, /root/uav_ws/devel/share/common-lisp/ros/uav_ros_msgs/msg/_package.lisp)
Linked: (/root/uav_ws/devel/.private/uav_ros_msgs/share/common-lisp/ros/uav_ros_msgs/msg/_package_Waypoints.lisp, /root/uav_ws/devel/share/common-lisp/ros/uav_ros_msgs/msg/_package_Waypoints.lisp)
Linked: (/root/uav_ws/devel/.private/uav_ros_msgs/share/common-lisp/ros/uav_ros_msgs/msg/_package_Waypoint.lisp, /root/uav_ws/devel/share/common-lisp/ros/uav_ros_msgs/msg/_package_Waypoint.lisp)
Linked: (/root/uav_ws/devel/.private/uav_ros_msgs/share/common-lisp/ros/uav_ros_msgs/msg/_package_VisualServoProcessValues.lisp, /root/uav_ws/devel/share/common-lisp/ros/uav_ros_msgs/msg/_package_VisualServoProcessValues.lisp)
Linked: (/root/uav_ws/devel/.private/uav_ros_msgs/share/common-lisp/ros/uav_ros_msgs/msg/Task.lisp, /root/uav_ws/devel/share/common-lisp/ros/uav_ros_msgs/msg/Task.lisp)
Linked: (/root/uav_ws/devel/.private/uav_ros_msgs/share/common-lisp/ros/uav_ros_msgs/msg/MapInfo.lisp, /root/uav_ws/devel/share/common-lisp/ros/uav_ros_msgs/msg/MapInfo.lisp)
Linked: (/root/uav_ws/devel/.private/uav_ros_msgs/share/common-lisp/ros/uav_ros_msgs/msg/_package_Task.lisp, /root/uav_ws/devel/share/common-lisp/ros/uav_ros_msgs/msg/_package_Task.lisp)
Linked: (/root/uav_ws/devel/.private/uav_ros_msgs/share/common-lisp/ros/uav_ros_msgs/msg/WaypointStatus.lisp, /root/uav_ws/devel/share/common-lisp/ros/uav_ros_msgs/msg/WaypointStatus.lisp)
Linked: (/root/uav_ws/devel/.private/uav_ros_msgs/share/common-lisp/ros/uav_ros_msgs/msg/_package_WaypointStatus.lisp, /root/uav_ws/devel/share/common-lisp/ros/uav_ros_msgs/msg/_package_WaypointStatus.lisp)
Linked: (/root/uav_ws/devel/.private/uav_ros_msgs/share/common-lisp/ros/uav_ros_msgs/msg/VisualServoProcessValues.lisp, /root/uav_ws/devel/share/common-lisp/ros/uav_ros_msgs/msg/VisualServoProcessValues.lisp)
Linked: (/root/uav_ws/devel/.private/uav_ros_msgs/share/roseus/ros/uav_ros_msgs/manifest.l, /root/uav_ws/devel/share/roseus/ros/uav_ros_msgs/manifest.l)
Linked: (/root/uav_ws/devel/.private/uav_ros_msgs/share/roseus/ros/uav_ros_msgs/srv/GeoBrickApproach.l, /root/uav_ws/devel/share/roseus/ros/uav_ros_msgs/srv/GeoBrickApproach.l)
Linked: (/root/uav_ws/devel/.private/uav_ros_msgs/share/roseus/ros/uav_ros_msgs/srv/Land.l, /root/uav_ws/devel/share/roseus/ros/uav_ros_msgs/srv/Land.l)
Linked: (/root/uav_ws/devel/.private/uav_ros_msgs/share/roseus/ros/uav_ros_msgs/srv/TakeOff.l, /root/uav_ws/devel/share/roseus/ros/uav_ros_msgs/srv/TakeOff.l)
Linked: (/root/uav_ws/devel/.private/uav_ros_msgs/share/roseus/ros/uav_ros_msgs/srv/ArmAndTakeoff.l, /root/uav_ws/devel/share/roseus/ros/uav_ros_msgs/srv/ArmAndTakeoff.l)
Linked: (/root/uav_ws/devel/.private/uav_ros_msgs/share/roseus/ros/uav_ros_msgs/msg/Waypoints.l, /root/uav_ws/devel/share/roseus/ros/uav_ros_msgs/msg/Waypoints.l)
Linked: (/root/uav_ws/devel/.private/uav_ros_msgs/share/roseus/ros/uav_ros_msgs/msg/MapInfo.l, /root/uav_ws/devel/share/roseus/ros/uav_ros_msgs/msg/MapInfo.l)
Linked: (/root/uav_ws/devel/.private/uav_ros_msgs/share/roseus/ros/uav_ros_msgs/msg/VisualServoProcessValues.l, /root/uav_ws/devel/share/roseus/ros/uav_ros_msgs/msg/VisualServoProcessValues.l)
Linked: (/root/uav_ws/devel/.private/uav_ros_msgs/share/roseus/ros/uav_ros_msgs/msg/PIDController.l, /root/uav_ws/devel/share/roseus/ros/uav_ros_msgs/msg/PIDController.l)
Linked: (/root/uav_ws/devel/.private/uav_ros_msgs/share/roseus/ros/uav_ros_msgs/msg/Task.l, /root/uav_ws/devel/share/roseus/ros/uav_ros_msgs/msg/Task.l)
Linked: (/root/uav_ws/devel/.private/uav_ros_msgs/share/roseus/ros/uav_ros_msgs/msg/WaypointStatus.l, /root/uav_ws/devel/share/roseus/ros/uav_ros_msgs/msg/WaypointStatus.l)
Linked: (/root/uav_ws/devel/.private/uav_ros_msgs/share/roseus/ros/uav_ros_msgs/msg/Waypoint.l, /root/uav_ws/devel/share/roseus/ros/uav_ros_msgs/msg/Waypoint.l)
Linked: (/root/uav_ws/devel/.private/uav_ros_msgs/include/uav_ros_msgs/ArmAndTakeoffRequest.h, /root/uav_ws/devel/include/uav_ros_msgs/ArmAndTakeoffRequest.h)
Linked: (/root/uav_ws/devel/.private/uav_ros_msgs/include/uav_ros_msgs/TakeOffRequest.h, /root/uav_ws/devel/include/uav_ros_msgs/TakeOffRequest.h)
Linked: (/root/uav_ws/devel/.private/uav_ros_msgs/include/uav_ros_msgs/GeoBrickApproach.h, /root/uav_ws/devel/include/uav_ros_msgs/GeoBrickApproach.h)
Linked: (/root/uav_ws/devel/.private/uav_ros_msgs/include/uav_ros_msgs/TakeOffResponse.h, /root/uav_ws/devel/include/uav_ros_msgs/TakeOffResponse.h)
Linked: (/root/uav_ws/devel/.private/uav_ros_msgs/include/uav_ros_msgs/Waypoints.h, /root/uav_ws/devel/include/uav_ros_msgs/Waypoints.h)
Linked: (/root/uav_ws/devel/.private/uav_ros_msgs/include/uav_ros_msgs/ArmAndTakeoffResponse.h, /root/uav_ws/devel/include/uav_ros_msgs/ArmAndTakeoffResponse.h)
Linked: (/root/uav_ws/devel/.private/uav_ros_msgs/include/uav_ros_msgs/MapInfo.h, /root/uav_ws/devel/include/uav_ros_msgs/MapInfo.h)
Linked: (/root/uav_ws/devel/.private/uav_ros_msgs/include/uav_ros_msgs/ArmAndTakeoff.h, /root/uav_ws/devel/include/uav_ros_msgs/ArmAndTakeoff.h)
Linked: (/root/uav_ws/devel/.private/uav_ros_msgs/include/uav_ros_msgs/GeoBrickApproachResponse.h, /root/uav_ws/devel/include/uav_ros_msgs/GeoBrickApproachResponse.h)
Linked: (/root/uav_ws/devel/.private/uav_ros_msgs/include/uav_ros_msgs/VisualServoProcessValues.h, /root/uav_ws/devel/include/uav_ros_msgs/VisualServoProcessValues.h)
Linked: (/root/uav_ws/devel/.private/uav_ros_msgs/include/uav_ros_msgs/TakeOff.h, /root/uav_ws/devel/include/uav_ros_msgs/TakeOff.h)
Linked: (/root/uav_ws/devel/.private/uav_ros_msgs/include/uav_ros_msgs/WaypointStatus.h, /root/uav_ws/devel/include/uav_ros_msgs/WaypointStatus.h)
Linked: (/root/uav_ws/devel/.private/uav_ros_msgs/include/uav_ros_msgs/Waypoint.h, /root/uav_ws/devel/include/uav_ros_msgs/Waypoint.h)
Linked: (/root/uav_ws/devel/.private/uav_ros_msgs/include/uav_ros_msgs/GeoBrickApproachRequest.h, /root/uav_ws/devel/include/uav_ros_msgs/GeoBrickApproachRequest.h)
Linked: (/root/uav_ws/devel/.private/uav_ros_msgs/include/uav_ros_msgs/PIDController.h, /root/uav_ws/devel/include/uav_ros_msgs/PIDController.h)
Linked: (/root/uav_ws/devel/.private/uav_ros_msgs/include/uav_ros_msgs/LandResponse.h, /root/uav_ws/devel/include/uav_ros_msgs/LandResponse.h)
Linked: (/root/uav_ws/devel/.private/uav_ros_msgs/include/uav_ros_msgs/Land.h, /root/uav_ws/devel/include/uav_ros_msgs/Land.h)
Linked: (/root/uav_ws/devel/.private/uav_ros_msgs/include/uav_ros_msgs/LandRequest.h, /root/uav_ws/devel/include/uav_ros_msgs/LandRequest.h)
Linked: (/root/uav_ws/devel/.private/uav_ros_msgs/include/uav_ros_msgs/Task.h, /root/uav_ws/devel/include/uav_ros_msgs/Task.h)
