Symlinking /root/uav_ws/devel/lib/pkgconfig/uav_ros_msgs.pc
Symlinking /root/uav_ws/devel/lib/python3/dist-packages/uav_ros_msgs/__init__.py
Symlinking /root/uav_ws/devel/lib/python3/dist-packages/uav_ros_msgs/srv/_GeoBrickApproach.py
Symlinking /root/uav_ws/devel/lib/python3/dist-packages/uav_ros_msgs/srv/__init__.py
Symlinking /root/uav_ws/devel/lib/python3/dist-packages/uav_ros_msgs/srv/_Land.py
Symlinking /root/uav_ws/devel/lib/python3/dist-packages/uav_ros_msgs/srv/_TakeOff.py
Symlinking /root/uav_ws/devel/lib/python3/dist-packages/uav_ros_msgs/srv/_ArmAndTakeoff.py
Symlinking /root/uav_ws/devel/lib/python3/dist-packages/uav_ros_msgs/msg/_Waypoints.py
Symlinking /root/uav_ws/devel/lib/python3/dist-packages/uav_ros_msgs/msg/_Waypoint.py
Symlinking /root/uav_ws/devel/lib/python3/dist-packages/uav_ros_msgs/msg/_WaypointStatus.py
Symlinking /root/uav_ws/devel/lib/python3/dist-packages/uav_ros_msgs/msg/__init__.py
Symlinking /root/uav_ws/devel/lib/python3/dist-packages/uav_ros_msgs/msg/_MapInfo.py
Symlinking /root/uav_ws/devel/lib/python3/dist-packages/uav_ros_msgs/msg/_Task.py
Symlinking /root/uav_ws/devel/lib/python3/dist-packages/uav_ros_msgs/msg/_VisualServoProcessValues.py
Symlinking /root/uav_ws/devel/lib/python3/dist-packages/uav_ros_msgs/msg/_PIDController.py
Symlinking /root/uav_ws/devel/share/gennodejs/ros/uav_ros_msgs/_index.js
Symlinking /root/uav_ws/devel/share/gennodejs/ros/uav_ros_msgs/srv/ArmAndTakeoff.js
Symlinking /root/uav_ws/devel/share/gennodejs/ros/uav_ros_msgs/srv/TakeOff.js
Symlinking /root/uav_ws/devel/share/gennodejs/ros/uav_ros_msgs/srv/Land.js
Symlinking /root/uav_ws/devel/share/gennodejs/ros/uav_ros_msgs/srv/_index.js
Symlinking /root/uav_ws/devel/share/gennodejs/ros/uav_ros_msgs/srv/GeoBrickApproach.js
Symlinking /root/uav_ws/devel/share/gennodejs/ros/uav_ros_msgs/msg/Task.js
Symlinking /root/uav_ws/devel/share/gennodejs/ros/uav_ros_msgs/msg/MapInfo.js
Symlinking /root/uav_ws/devel/share/gennodejs/ros/uav_ros_msgs/msg/PIDController.js
Symlinking /root/uav_ws/devel/share/gennodejs/ros/uav_ros_msgs/msg/Waypoints.js
Symlinking /root/uav_ws/devel/share/gennodejs/ros/uav_ros_msgs/msg/Waypoint.js
Symlinking /root/uav_ws/devel/share/gennodejs/ros/uav_ros_msgs/msg/_index.js
Symlinking /root/uav_ws/devel/share/gennodejs/ros/uav_ros_msgs/msg/VisualServoProcessValues.js
Symlinking /root/uav_ws/devel/share/gennodejs/ros/uav_ros_msgs/msg/WaypointStatus.js
Symlinking /root/uav_ws/devel/share/uav_ros_msgs/cmake/uav_ros_msgs-msg-paths.cmake
Symlinking /root/uav_ws/devel/share/uav_ros_msgs/cmake/uav_ros_msgsConfig-version.cmake
Symlinking /root/uav_ws/devel/share/uav_ros_msgs/cmake/uav_ros_msgs-msg-extras.cmake
Symlinking /root/uav_ws/devel/share/uav_ros_msgs/cmake/uav_ros_msgsConfig.cmake
Symlinking /root/uav_ws/devel/share/common-lisp/ros/uav_ros_msgs/srv/GeoBrickApproach.lisp
Symlinking /root/uav_ws/devel/share/common-lisp/ros/uav_ros_msgs/srv/TakeOff.lisp
Symlinking /root/uav_ws/devel/share/common-lisp/ros/uav_ros_msgs/srv/_package_TakeOff.lisp
Symlinking /root/uav_ws/devel/share/common-lisp/ros/uav_ros_msgs/srv/_package.lisp
Symlinking /root/uav_ws/devel/share/common-lisp/ros/uav_ros_msgs/srv/_package_Land.lisp
Symlinking /root/uav_ws/devel/share/common-lisp/ros/uav_ros_msgs/srv/uav_ros_msgs-srv.asd
Symlinking /root/uav_ws/devel/share/common-lisp/ros/uav_ros_msgs/srv/Land.lisp
Symlinking /root/uav_ws/devel/share/common-lisp/ros/uav_ros_msgs/srv/_package_GeoBrickApproach.lisp
Symlinking /root/uav_ws/devel/share/common-lisp/ros/uav_ros_msgs/srv/ArmAndTakeoff.lisp
Symlinking /root/uav_ws/devel/share/common-lisp/ros/uav_ros_msgs/srv/_package_ArmAndTakeoff.lisp
Symlinking /root/uav_ws/devel/share/common-lisp/ros/uav_ros_msgs/msg/PIDController.lisp
Symlinking /root/uav_ws/devel/share/common-lisp/ros/uav_ros_msgs/msg/_package_MapInfo.lisp
Symlinking /root/uav_ws/devel/share/common-lisp/ros/uav_ros_msgs/msg/Waypoints.lisp
Symlinking /root/uav_ws/devel/share/common-lisp/ros/uav_ros_msgs/msg/Waypoint.lisp
Symlinking /root/uav_ws/devel/share/common-lisp/ros/uav_ros_msgs/msg/_package_PIDController.lisp
Symlinking /root/uav_ws/devel/share/common-lisp/ros/uav_ros_msgs/msg/uav_ros_msgs-msg.asd
Symlinking /root/uav_ws/devel/share/common-lisp/ros/uav_ros_msgs/msg/_package.lisp
Symlinking /root/uav_ws/devel/share/common-lisp/ros/uav_ros_msgs/msg/_package_Waypoints.lisp
Symlinking /root/uav_ws/devel/share/common-lisp/ros/uav_ros_msgs/msg/_package_Waypoint.lisp
Symlinking /root/uav_ws/devel/share/common-lisp/ros/uav_ros_msgs/msg/_package_VisualServoProcessValues.lisp
Symlinking /root/uav_ws/devel/share/common-lisp/ros/uav_ros_msgs/msg/Task.lisp
Symlinking /root/uav_ws/devel/share/common-lisp/ros/uav_ros_msgs/msg/MapInfo.lisp
Symlinking /root/uav_ws/devel/share/common-lisp/ros/uav_ros_msgs/msg/_package_Task.lisp
Symlinking /root/uav_ws/devel/share/common-lisp/ros/uav_ros_msgs/msg/WaypointStatus.lisp
Symlinking /root/uav_ws/devel/share/common-lisp/ros/uav_ros_msgs/msg/_package_WaypointStatus.lisp
Symlinking /root/uav_ws/devel/share/common-lisp/ros/uav_ros_msgs/msg/VisualServoProcessValues.lisp
Symlinking /root/uav_ws/devel/share/roseus/ros/uav_ros_msgs/manifest.l
Symlinking /root/uav_ws/devel/share/roseus/ros/uav_ros_msgs/srv/GeoBrickApproach.l
Symlinking /root/uav_ws/devel/share/roseus/ros/uav_ros_msgs/srv/Land.l
Symlinking /root/uav_ws/devel/share/roseus/ros/uav_ros_msgs/srv/TakeOff.l
Symlinking /root/uav_ws/devel/share/roseus/ros/uav_ros_msgs/srv/ArmAndTakeoff.l
Symlinking /root/uav_ws/devel/share/roseus/ros/uav_ros_msgs/msg/Waypoints.l
Symlinking /root/uav_ws/devel/share/roseus/ros/uav_ros_msgs/msg/MapInfo.l
Symlinking /root/uav_ws/devel/share/roseus/ros/uav_ros_msgs/msg/VisualServoProcessValues.l
Symlinking /root/uav_ws/devel/share/roseus/ros/uav_ros_msgs/msg/PIDController.l
Symlinking /root/uav_ws/devel/share/roseus/ros/uav_ros_msgs/msg/Task.l
Symlinking /root/uav_ws/devel/share/roseus/ros/uav_ros_msgs/msg/WaypointStatus.l
Symlinking /root/uav_ws/devel/share/roseus/ros/uav_ros_msgs/msg/Waypoint.l
Symlinking /root/uav_ws/devel/include/uav_ros_msgs/ArmAndTakeoffRequest.h
Symlinking /root/uav_ws/devel/include/uav_ros_msgs/TakeOffRequest.h
Symlinking /root/uav_ws/devel/include/uav_ros_msgs/GeoBrickApproach.h
Symlinking /root/uav_ws/devel/include/uav_ros_msgs/TakeOffResponse.h
Symlinking /root/uav_ws/devel/include/uav_ros_msgs/Waypoints.h
Symlinking /root/uav_ws/devel/include/uav_ros_msgs/ArmAndTakeoffResponse.h
Symlinking /root/uav_ws/devel/include/uav_ros_msgs/MapInfo.h
Symlinking /root/uav_ws/devel/include/uav_ros_msgs/ArmAndTakeoff.h
Symlinking /root/uav_ws/devel/include/uav_ros_msgs/GeoBrickApproachResponse.h
Symlinking /root/uav_ws/devel/include/uav_ros_msgs/VisualServoProcessValues.h
Symlinking /root/uav_ws/devel/include/uav_ros_msgs/TakeOff.h
Symlinking /root/uav_ws/devel/include/uav_ros_msgs/WaypointStatus.h
Symlinking /root/uav_ws/devel/include/uav_ros_msgs/Waypoint.h
Symlinking /root/uav_ws/devel/include/uav_ros_msgs/GeoBrickApproachRequest.h
Symlinking /root/uav_ws/devel/include/uav_ros_msgs/PIDController.h
Symlinking /root/uav_ws/devel/include/uav_ros_msgs/LandResponse.h
Symlinking /root/uav_ws/devel/include/uav_ros_msgs/Land.h
Symlinking /root/uav_ws/devel/include/uav_ros_msgs/LandRequest.h
Symlinking /root/uav_ws/devel/include/uav_ros_msgs/Task.h
